2025-05-06 01:10:09,089 - SafetySystem - INFO - Iniciando sistema de seguridad modular
2025-05-06 01:10:10,685 - MainSystem - INFO - Sistema de seguridad iniciado
2025-05-06 01:10:10,686 - MainSystem - INFO - Inicializando módulos del sistema
2025-05-06 01:10:10,822 - CameraModule - INFO - Cámara inicializada: 640x480 @ 30fps
2025-05-06 01:10:10,828 - FaceRecognitionModule - INFO - Operadores cargados: 1
2025-05-06 01:10:11,713 - AlarmModule - INFO - Módulo de audio inicializado
2025-05-06 01:10:12,077 - MainSystem - INFO - Operador reconocido: Operador: Nilson Cayao (ID: 47469940)
2025-05-06 01:10:12,654 - BehaviorDetectionModule - INFO - 'cigarette' no está en COCO, usando 'bottle' como sustituto
2025-05-06 01:10:12,838 - BehaviorDetectionModule - INFO - Modelo YOLO cargado correctamente
2025-05-06 01:10:32,962 - MainSystem - WARNING - Fatiga detectada para operador Operador: Nilson Cayao
2025-05-06 01:10:32,967 - SafetySystem - INFO - Reporte generado: C:\xampp\htdocs\safety_system\reports\47469940_fatigue_20250506_011032.jpg y C:\xampp\htdocs\safety_system\reports\47469940_fatigue_20250506_011032.txt
2025-05-06 01:10:50,731 - MainSystem - WARNING - Fatiga detectada para operador Operador: Nilson Cayao
2025-05-06 01:10:50,736 - SafetySystem - INFO - Reporte generado: C:\xampp\htdocs\safety_system\reports\47469940_fatigue_20250506_011050.jpg y C:\xampp\htdocs\safety_system\reports\47469940_fatigue_20250506_011050.txt
2025-05-06 01:11:10,063 - MainSystem - WARNING - Fatiga detectada para operador Operador: Nilson Cayao
2025-05-06 01:11:10,067 - SafetySystem - INFO - Reporte generado: C:\xampp\htdocs\safety_system\reports\47469940_fatigue_20250506_011110.jpg y C:\xampp\htdocs\safety_system\reports\47469940_fatigue_20250506_011110.txt
2025-05-06 01:11:14,160 - MainSystem - INFO - Deteniendo sistema
2025-05-06 01:11:14,176 - CameraModule - INFO - Cámara liberada
2025-05-06 01:35:32,756 - SafetySystem - INFO - Iniciando sistema de seguridad modular
2025-05-06 01:35:34,289 - MainSystem - INFO - Sistema de seguridad iniciado
2025-05-06 01:35:34,289 - MainSystem - INFO - Inicializando módulos del sistema
2025-05-06 01:35:34,411 - CameraModule - INFO - Cámara inicializada: 640x480 @ 30fps
2025-05-06 01:35:34,411 - FaceRecognitionModule - INFO - Operadores cargados: 1
2025-05-06 01:35:35,287 - AlarmModule - INFO - Módulo de audio inicializado
2025-05-06 01:35:35,656 - MainSystem - INFO - Operador reconocido: Operador: Nilson Cayao (ID: 47469940)
2025-05-06 01:35:36,204 - BehaviorDetectionModule - INFO - 'cigarette' no está en COCO, usando 'bottle' como sustituto
2025-05-06 01:35:36,381 - BehaviorDetectionModule - INFO - Modelo YOLO cargado correctamente
2025-05-06 01:36:46,468 - MainSystem - WARNING - Fatiga detectada para operador Operador: Nilson Cayao
2025-05-06 01:36:46,473 - SafetySystem - INFO - Reporte generado: C:\xampp\htdocs\safety_system\reports\47469940_fatigue_20250506_013646.jpg y C:\xampp\htdocs\safety_system\reports\47469940_fatigue_20250506_013646.txt
2025-05-06 01:37:27,048 - MainSystem - WARNING - Fatiga detectada para operador Operador: Nilson Cayao
2025-05-06 01:37:27,052 - SafetySystem - INFO - Reporte generado: C:\xampp\htdocs\safety_system\reports\47469940_fatigue_20250506_013727.jpg y C:\xampp\htdocs\safety_system\reports\47469940_fatigue_20250506_013727.txt
2025-05-06 01:37:30,424 - MainSystem - INFO - Deteniendo sistema
2025-05-06 01:37:30,451 - CameraModule - INFO - Cámara liberada
2025-05-06 01:57:37,978 - SafetySystem - INFO - Iniciando sistema de seguridad modular
2025-05-06 01:57:39,538 - MainSystem - INFO - Sistema de seguridad iniciado
2025-05-06 01:57:39,538 - MainSystem - INFO - Inicializando módulos del sistema
2025-05-06 01:57:39,663 - CameraModule - INFO - Cámara inicializada: 640x480 @ 30fps
2025-05-06 01:57:39,663 - FaceRecognitionModule - INFO - Operadores cargados: 1
2025-05-06 01:57:40,538 - AlarmModule - INFO - Módulo de audio inicializado
2025-05-06 01:57:40,905 - MainSystem - INFO - Operador reconocido: Operador: Nilson Cayao (ID: 47469940)
2025-05-06 01:57:41,463 - BehaviorDetectionModule - INFO - 'cigarette' no está en COCO, usando 'bottle' como sustituto
2025-05-06 01:57:41,636 - BehaviorDetectionModule - INFO - Modelo YOLO cargado correctamente
2025-05-06 01:58:01,987 - MainSystem - WARNING - Fatiga detectada para operador Operador: Nilson Cayao
2025-05-06 01:58:01,991 - SafetySystem - INFO - Reporte generado: C:\xampp\htdocs\safety_system\reports\47469940_fatigue_20250506_015801.jpg y C:\xampp\htdocs\safety_system\reports\47469940_fatigue_20250506_015801.txt
2025-05-06 01:58:23,392 - MainSystem - INFO - Deteniendo sistema
2025-05-06 01:58:23,446 - CameraModule - INFO - Cámara liberada
2025-05-06 02:12:09,284 - SafetySystem - INFO - Iniciando sistema de seguridad modular
2025-05-06 02:12:10,824 - MainSystem - INFO - Sistema de seguridad iniciado
2025-05-06 02:12:10,824 - MainSystem - INFO - Inicializando módulos del sistema
2025-05-06 02:12:10,948 - CameraModule - INFO - Cámara inicializada: 640x480 @ 30fps
2025-05-06 02:12:10,948 - FaceRecognitionModule - INFO - Operadores cargados: 1
2025-05-06 02:12:11,889 - AlarmModule - INFO - Módulo de audio inicializado
2025-05-06 02:12:12,285 - MainSystem - INFO - Operador reconocido: Operador: Nilson Cayao (ID: 47469940)
2025-05-06 02:12:12,851 - BehaviorDetectionModule - INFO - 'cigarette' no está en COCO, usando 'bottle' como sustituto
2025-05-06 02:12:13,018 - BehaviorDetectionModule - INFO - Modelo YOLO cargado correctamente
2025-05-06 02:12:45,930 - MainSystem - WARNING - Fatiga detectada para operador Operador: Nilson Cayao
2025-05-06 02:12:45,936 - SafetySystem - INFO - Reporte generado: C:\xampp\htdocs\safety_system\reports\47469940_fatigue_20250506_021245.jpg y C:\xampp\htdocs\safety_system\reports\47469940_fatigue_20250506_021245.txt
2025-05-06 02:13:17,788 - MainSystem - WARNING - Fatiga detectada para operador Operador: Nilson Cayao
2025-05-06 02:13:17,792 - SafetySystem - INFO - Reporte generado: C:\xampp\htdocs\safety_system\reports\47469940_fatigue_20250506_021317.jpg y C:\xampp\htdocs\safety_system\reports\47469940_fatigue_20250506_021317.txt
2025-05-06 02:14:05,790 - MainSystem - WARNING - Fatiga detectada para operador Operador: Nilson Cayao
2025-05-06 02:14:05,794 - SafetySystem - INFO - Reporte generado: C:\xampp\htdocs\safety_system\reports\47469940_fatigue_20250506_021405.jpg y C:\xampp\htdocs\safety_system\reports\47469940_fatigue_20250506_021405.txt
2025-05-06 02:14:32,146 - MainSystem - INFO - Deteniendo sistema
2025-05-06 02:14:32,185 - CameraModule - INFO - Cámara liberada
2025-05-06 02:41:48,216 - SafetySystem - INFO - Iniciando sistema de seguridad modular
2025-05-06 02:41:49,772 - MainSystem - INFO - Sistema de seguridad iniciado
2025-05-06 02:41:49,772 - MainSystem - INFO - Inicializando módulos del sistema
2025-05-06 02:41:49,894 - CameraModule - INFO - Cámara inicializada: 640x480 @ 30fps
2025-05-06 02:41:49,894 - FaceRecognitionModule - INFO - Operadores cargados: 1
2025-05-06 02:41:50,761 - AlarmModule - INFO - Módulo de audio inicializado
2025-05-06 02:41:51,128 - MainSystem - INFO - Operador reconocido: Operador: Nilson Cayao (ID: 47469940)
2025-05-06 02:41:51,669 - BehaviorDetectionModule - INFO - 'cigarette' no está en COCO, usando 'bottle' como sustituto
2025-05-06 02:41:51,846 - BehaviorDetectionModule - INFO - Modelo YOLO cargado correctamente
2025-05-06 02:42:07,538 - MainSystem - WARNING - Fatiga detectada para operador Operador: Nilson Cayao
2025-05-06 02:42:07,543 - SafetySystem - INFO - Reporte generado: C:\xampp\htdocs\safety_system\reports\47469940_fatigue_20250506_024207.jpg y C:\xampp\htdocs\safety_system\reports\47469940_fatigue_20250506_024207.txt
2025-05-06 02:43:03,353 - MainSystem - INFO - Deteniendo sistema
2025-05-06 02:43:03,396 - CameraModule - INFO - Cámara liberada
2025-05-06 02:47:17,645 - SafetySystem - INFO - Iniciando sistema de seguridad modular
2025-05-06 02:47:19,196 - MainSystem - INFO - Sistema de seguridad iniciado
2025-05-06 02:47:19,196 - MainSystem - INFO - Inicializando módulos del sistema
2025-05-06 02:47:19,326 - CameraModule - INFO - Cámara inicializada: 640x480 @ 30fps
2025-05-06 02:47:19,326 - FaceRecognitionModule - INFO - Operadores cargados: 1
2025-05-06 02:47:20,196 - AlarmModule - INFO - Módulo de audio inicializado
2025-05-06 02:47:20,566 - MainSystem - INFO - Operador reconocido: Operador: Nilson Cayao (ID: 47469940)
2025-05-06 02:47:21,103 - BehaviorDetectionModule - INFO - 'cigarette' no está en COCO, usando 'bottle' como sustituto
2025-05-06 02:47:21,270 - BehaviorDetectionModule - INFO - Modelo YOLO cargado correctamente
2025-05-06 02:47:34,928 - MainSystem - WARNING - Fatiga detectada para operador Operador: Nilson Cayao
2025-05-06 02:47:34,933 - SafetySystem - INFO - Reporte generado: C:\xampp\htdocs\safety_system\reports\47469940_fatigue_20250506_024734.jpg y C:\xampp\htdocs\safety_system\reports\47469940_fatigue_20250506_024734.txt
2025-05-06 02:48:18,019 - MainSystem - INFO - Deteniendo sistema
2025-05-06 02:48:18,069 - CameraModule - INFO - Cámara liberada
2025-05-06 02:56:45,255 - SafetySystem - INFO - Iniciando sistema de seguridad modular
2025-05-06 02:56:46,812 - MainSystem - INFO - Sistema de seguridad iniciado
2025-05-06 02:56:46,813 - MainSystem - INFO - Inicializando módulos del sistema
2025-05-06 02:56:46,938 - CameraModule - INFO - Cámara inicializada: 640x480 @ 30fps
2025-05-06 02:56:46,938 - FaceRecognitionModule - INFO - Operadores cargados: 1
2025-05-06 02:56:47,833 - AlarmModule - INFO - Módulo de audio inicializado
2025-05-06 02:56:48,220 - MainSystem - INFO - Operador reconocido: Operador: Nilson Cayao (ID: 47469940)
2025-05-06 02:56:48,768 - BehaviorDetectionModule - INFO - 'cigarette' no está en COCO, usando 'bottle' como sustituto
2025-05-06 02:56:48,936 - BehaviorDetectionModule - INFO - Modelo YOLO cargado correctamente
2025-05-06 02:57:05,704 - MainSystem - WARNING - Fatiga detectada para operador Operador: Nilson Cayao
2025-05-06 02:57:05,709 - SafetySystem - INFO - Reporte generado: C:\xampp\htdocs\safety_system\reports\47469940_fatigue_20250506_025705.jpg y C:\xampp\htdocs\safety_system\reports\47469940_fatigue_20250506_025705.txt
2025-05-06 02:58:07,701 - MainSystem - WARNING - Fatiga detectada para operador Operador: Nilson Cayao
2025-05-06 02:58:07,706 - SafetySystem - INFO - Reporte generado: C:\xampp\htdocs\safety_system\reports\47469940_fatigue_20250506_025807.jpg y C:\xampp\htdocs\safety_system\reports\47469940_fatigue_20250506_025807.txt
2025-05-06 02:58:45,490 - MainSystem - INFO - Deteniendo sistema
2025-05-06 02:58:45,534 - CameraModule - INFO - Cámara liberada
