2025-05-10 03:17:15,996 - SafetySystem - INFO - Iniciando sistema de seguridad modular
2025-05-10 03:17:17,595 - MainSystem - INFO - Sistema de seguridad iniciado
2025-05-10 03:17:17,596 - MainSystem - INFO - Inicializando módulos del sistema
2025-05-10 03:17:17,753 - CameraModule - INFO - Cámara inicializada: 640x480 @ 30fps
2025-05-10 03:17:17,754 - FaceRecognitionModule - INFO - Operadores cargados: 1
2025-05-10 03:17:18,647 - AlarmModule - INFO - Módulo de audio inicializado
2025-05-10 03:17:19,056 - MainSystem - INFO - Operador reconocido: Operador: Nilson Cayao (ID: 47469940)
2025-05-10 03:17:19,618 - BehaviorDetectionModule - INFO - 'cigarette' no está en COCO, usando 'bottle' como sustituto
2025-05-10 03:17:20,213 - BehaviorDetectionModule - INFO - Modelo YOLO cargado correctamente
2025-05-10 03:17:56,068 - MainSystem - INFO - Deteniendo sistema
2025-05-10 03:17:56,117 - CameraModule - INFO - Cámara liberada
2025-05-10 03:23:36,644 - SafetySystem - INFO - Iniciando sistema de seguridad modular
2025-05-10 03:23:38,184 - MainSystem - INFO - Sistema de seguridad iniciado
2025-05-10 03:23:38,184 - MainSystem - INFO - Inicializando módulos del sistema
2025-05-10 03:23:38,310 - CameraModule - INFO - Cámara inicializada: 640x480 @ 30fps
2025-05-10 03:23:38,310 - FaceRecognitionModule - INFO - Operadores cargados: 1
2025-05-10 03:23:39,210 - AlarmModule - INFO - Módulo de audio inicializado
2025-05-10 03:23:39,583 - MainSystem - INFO - Operador reconocido: Operador: Nilson Cayao (ID: 47469940)
2025-05-10 03:23:40,133 - BehaviorDetectionModule - INFO - 'cigarette' no está en COCO, usando 'bottle' como sustituto
2025-05-10 03:23:40,295 - BehaviorDetectionModule - INFO - Modelo YOLO cargado correctamente
2025-05-10 03:27:01,134 - MainSystem - INFO - Deteniendo sistema
2025-05-10 03:27:01,178 - CameraModule - INFO - Cámara liberada
2025-05-10 04:13:53,791 - SafetySystem - INFO - Iniciando sistema de seguridad modular
2025-05-10 04:13:55,425 - MainSystem - INFO - Sistema de seguridad iniciado
2025-05-10 04:13:55,425 - MainSystem - INFO - Inicializando módulos del sistema
2025-05-10 04:13:55,559 - CameraModule - INFO - Cámara inicializada: 640x480 @ 30fps
2025-05-10 04:13:55,559 - FaceRecognitionModule - INFO - Operadores cargados: 1
2025-05-10 04:13:56,529 - AlarmModule - INFO - Módulo de audio inicializado
2025-05-10 04:13:56,917 - MainSystem - INFO - Operador reconocido: Operador: Nilson Cayao (ID: 47469940)
2025-05-10 04:13:57,502 - BehaviorDetectionModule - INFO - 'cigarette' no está en COCO, usando 'bottle' como sustituto
2025-05-10 04:13:57,691 - BehaviorDetectionModule - INFO - Modelo YOLO cargado correctamente
2025-05-10 04:14:53,908 - MainSystem - INFO - Deteniendo sistema
2025-05-10 04:14:53,927 - CameraModule - INFO - Cámara liberada
2025-05-10 04:16:55,296 - SafetySystem - INFO - Iniciando sistema de seguridad modular
2025-05-10 04:16:56,867 - MainSystem - INFO - Sistema de seguridad iniciado
2025-05-10 04:16:56,867 - MainSystem - INFO - Inicializando módulos del sistema
2025-05-10 04:16:56,990 - CameraModule - INFO - Cámara inicializada: 640x480 @ 30fps
2025-05-10 04:16:56,990 - FaceRecognitionModule - INFO - Operadores cargados: 1
2025-05-10 04:16:57,906 - AlarmModule - INFO - Módulo de audio inicializado
2025-05-10 04:16:58,278 - MainSystem - INFO - Operador reconocido: Operador: Nilson Cayao (ID: 47469940)
2025-05-10 04:16:58,827 - BehaviorDetectionModule - INFO - 'cigarette' no está en COCO, usando 'bottle' como sustituto
2025-05-10 04:16:58,992 - BehaviorDetectionModule - INFO - Modelo YOLO cargado correctamente
2025-05-10 04:17:17,713 - MainSystem - INFO - Deteniendo sistema
2025-05-10 04:17:17,736 - CameraModule - INFO - Cámara liberada
2025-05-10 04:20:36,595 - SafetySystem - INFO - Iniciando sistema de seguridad modular
2025-05-10 04:20:38,197 - MainSystem - INFO - Sistema de seguridad iniciado
2025-05-10 04:20:38,197 - MainSystem - INFO - Inicializando módulos del sistema
2025-05-10 04:20:38,324 - CameraModule - INFO - Cámara inicializada: 640x480 @ 30fps
2025-05-10 04:20:38,324 - FaceRecognitionModule - INFO - Operadores cargados: 1
2025-05-10 04:20:39,210 - AlarmModule - INFO - Módulo de audio inicializado
2025-05-10 04:20:39,580 - MainSystem - INFO - Operador reconocido: Operador: Nilson Cayao (ID: 47469940)
2025-05-10 04:20:40,123 - BehaviorDetectionModule - INFO - 'cigarette' no está en COCO, usando 'bottle' como sustituto
2025-05-10 04:20:40,290 - BehaviorDetectionModule - INFO - Modelo YOLO cargado correctamente
2025-05-10 04:21:49,692 - MainSystem - WARNING - Fatiga detectada para operador Operador: Nilson Cayao
2025-05-10 04:21:49,697 - SafetySystem - INFO - Reporte generado: C:\xampp\htdocs\safety_system\reports\47469940_fatigue_20250510_042149.jpg y C:\xampp\htdocs\safety_system\reports\47469940_fatigue_20250510_042149.txt
2025-05-10 04:22:05,610 - MainSystem - INFO - Deteniendo sistema
2025-05-10 04:22:05,642 - CameraModule - INFO - Cámara liberada
2025-05-10 04:31:57,402 - SafetySystem - INFO - Iniciando sistema de seguridad modular
2025-05-10 04:31:58,979 - MainSystem - INFO - Sistema de seguridad iniciado
2025-05-10 04:31:58,979 - MainSystem - INFO - Inicializando módulos del sistema
2025-05-10 04:31:59,107 - CameraModule - INFO - Cámara inicializada: 640x480 @ 30fps
2025-05-10 04:31:59,107 - FaceRecognitionModule - INFO - Operadores cargados: 1
2025-05-10 04:31:59,995 - AlarmModule - INFO - Módulo de audio inicializado
2025-05-10 04:32:00,373 - MainSystem - INFO - Operador reconocido: Operador: Nilson Cayao (ID: 47469940)
2025-05-10 04:32:00,928 - BehaviorDetectionModule - INFO - 'cigarette' no está en COCO, usando 'bottle' como sustituto
2025-05-10 04:32:01,093 - BehaviorDetectionModule - INFO - Modelo YOLO cargado correctamente
2025-05-10 04:32:12,739 - MainSystem - INFO - Deteniendo sistema
2025-05-10 04:32:12,759 - CameraModule - INFO - Cámara liberada
2025-05-10 04:32:23,986 - SafetySystem - INFO - Iniciando sistema de seguridad modular
2025-05-10 04:32:25,550 - MainSystem - INFO - Sistema de seguridad iniciado
2025-05-10 04:32:25,550 - MainSystem - INFO - Inicializando módulos del sistema
2025-05-10 04:32:25,670 - CameraModule - INFO - Cámara inicializada: 640x480 @ 30fps
2025-05-10 04:32:25,670 - FaceRecognitionModule - INFO - Operadores cargados: 1
2025-05-10 04:32:26,551 - AlarmModule - INFO - Módulo de audio inicializado
2025-05-10 04:32:26,924 - MainSystem - INFO - Operador reconocido: Operador: Nilson Cayao (ID: 47469940)
2025-05-10 04:32:27,466 - BehaviorDetectionModule - INFO - 'cigarette' no está en COCO, usando 'bottle' como sustituto
2025-05-10 04:32:27,636 - BehaviorDetectionModule - INFO - Modelo YOLO cargado correctamente
2025-05-10 04:32:30,443 - MainSystem - INFO - Deteniendo sistema
2025-05-10 04:32:30,481 - CameraModule - INFO - Cámara liberada
2025-05-10 04:35:09,364 - SafetySystem - INFO - Iniciando sistema de seguridad modular
2025-05-10 04:35:10,931 - MainSystem - INFO - Sistema de seguridad iniciado
2025-05-10 04:35:10,931 - MainSystem - INFO - Inicializando módulos del sistema
2025-05-10 04:35:11,053 - CameraModule - INFO - Cámara inicializada: 640x480 @ 30fps
2025-05-10 04:35:11,054 - FaceRecognitionModule - INFO - Operadores cargados: 1
2025-05-10 04:35:11,952 - AlarmModule - INFO - Módulo de audio inicializado
2025-05-10 04:35:12,320 - MainSystem - INFO - Operador reconocido: Operador: Nilson Cayao (ID: 47469940)
2025-05-10 04:35:12,867 - BehaviorDetectionModule - INFO - 'cigarette' no está en COCO, usando 'bottle' como sustituto
2025-05-10 04:35:13,033 - BehaviorDetectionModule - INFO - Modelo YOLO cargado correctamente
2025-05-10 04:36:40,885 - MainSystem - INFO - Deteniendo sistema
2025-05-10 04:36:40,915 - CameraModule - INFO - Cámara liberada
2025-05-10 04:40:54,335 - SafetySystem - INFO - Iniciando sistema de seguridad modular
2025-05-10 04:40:55,909 - MainSystem - INFO - Sistema de seguridad iniciado
2025-05-10 04:40:55,909 - MainSystem - INFO - Inicializando módulos del sistema
2025-05-10 04:40:56,032 - CameraModule - INFO - Cámara inicializada: 640x480 @ 30fps
2025-05-10 04:40:56,032 - FaceRecognitionModule - INFO - Operadores cargados: 1
2025-05-10 04:40:56,914 - AlarmModule - INFO - Módulo de audio inicializado
2025-05-10 04:40:57,283 - MainSystem - INFO - Operador reconocido: Operador: Nilson Cayao (ID: 47469940)
2025-05-10 04:40:57,837 - BehaviorDetectionModule - INFO - 'cigarette' no está en COCO, usando 'bottle' como sustituto
2025-05-10 04:40:58,003 - BehaviorDetectionModule - INFO - Modelo YOLO cargado correctamente
2025-05-10 04:42:19,226 - MainSystem - INFO - Deteniendo sistema
2025-05-10 04:42:19,244 - CameraModule - INFO - Cámara liberada
2025-05-10 04:43:45,234 - SafetySystem - INFO - Iniciando sistema de seguridad modular
2025-05-10 04:43:46,809 - MainSystem - INFO - Sistema de seguridad iniciado
2025-05-10 04:43:46,809 - MainSystem - INFO - Inicializando módulos del sistema
2025-05-10 04:43:46,933 - CameraModule - INFO - Cámara inicializada: 640x480 @ 30fps
2025-05-10 04:43:46,934 - FaceRecognitionModule - INFO - Operadores cargados: 1
2025-05-10 04:43:47,819 - AlarmModule - INFO - Módulo de audio inicializado
2025-05-10 04:43:48,189 - MainSystem - INFO - Operador reconocido: Operador: Nilson Cayao (ID: 47469940)
2025-05-10 04:43:48,736 - BehaviorDetectionModule - INFO - 'cigarette' no está en COCO, usando 'bottle' como sustituto
2025-05-10 04:43:48,904 - BehaviorDetectionModule - INFO - Modelo YOLO cargado correctamente
2025-05-10 04:45:06,858 - MainSystem - INFO - Deteniendo sistema
2025-05-10 04:45:06,882 - CameraModule - INFO - Cámara liberada
2025-05-10 04:50:28,440 - SafetySystem - INFO - Iniciando sistema de seguridad modular
2025-05-10 04:50:30,000 - MainSystem - INFO - Sistema de seguridad iniciado
2025-05-10 04:50:30,000 - MainSystem - INFO - Inicializando módulos del sistema
2025-05-10 04:50:30,129 - CameraModule - INFO - Cámara inicializada: 640x480 @ 30fps
2025-05-10 04:50:30,129 - FaceRecognitionModule - INFO - Operadores cargados: 1
2025-05-10 04:50:31,035 - AlarmModule - INFO - Módulo de audio inicializado
2025-05-10 04:50:31,410 - MainSystem - INFO - Operador reconocido: Operador: Nilson Cayao (ID: 47469940)
2025-05-10 04:50:31,956 - BehaviorDetectionModule - INFO - 'cigarette' no está en COCO, usando 'bottle' como sustituto
2025-05-10 04:50:32,123 - BehaviorDetectionModule - INFO - Modelo YOLO cargado correctamente
2025-05-10 04:51:19,307 - MainSystem - WARNING - Múltiples bostezos detectados para operador Operador: Nilson Cayao
2025-05-10 04:51:19,311 - SafetySystem - INFO - Reporte generado: C:\xampp\htdocs\safety_system\reports\47469940_multiple_yawns_20250510_045119.jpg y C:\xampp\htdocs\safety_system\reports\47469940_multiple_yawns_20250510_045119.txt
2025-05-10 04:51:20,120 - MainSystem - ERROR - Error en bucle principal: local variable 'is_yawning' referenced before assignment
2025-05-10 04:51:24,660 - MainSystem - WARNING - Múltiples bostezos detectados para operador Operador: Nilson Cayao
2025-05-10 04:51:24,664 - SafetySystem - INFO - Reporte generado: C:\xampp\htdocs\safety_system\reports\47469940_multiple_yawns_20250510_045124.jpg y C:\xampp\htdocs\safety_system\reports\47469940_multiple_yawns_20250510_045124.txt
2025-05-10 04:51:30,134 - MainSystem - WARNING - Múltiples bostezos detectados para operador Operador: Nilson Cayao
2025-05-10 04:51:30,137 - SafetySystem - INFO - Reporte generado: C:\xampp\htdocs\safety_system\reports\47469940_multiple_yawns_20250510_045130.jpg y C:\xampp\htdocs\safety_system\reports\47469940_multiple_yawns_20250510_045130.txt
2025-05-10 04:51:35,843 - MainSystem - WARNING - Múltiples bostezos detectados para operador Operador: Nilson Cayao
2025-05-10 04:51:35,847 - SafetySystem - INFO - Reporte generado: C:\xampp\htdocs\safety_system\reports\47469940_multiple_yawns_20250510_045135.jpg y C:\xampp\htdocs\safety_system\reports\47469940_multiple_yawns_20250510_045135.txt
2025-05-10 04:51:41,290 - MainSystem - WARNING - Múltiples bostezos detectados para operador Operador: Nilson Cayao
2025-05-10 04:51:41,294 - SafetySystem - INFO - Reporte generado: C:\xampp\htdocs\safety_system\reports\47469940_multiple_yawns_20250510_045141.jpg y C:\xampp\htdocs\safety_system\reports\47469940_multiple_yawns_20250510_045141.txt
2025-05-10 04:51:43,057 - MainSystem - INFO - Deteniendo sistema
2025-05-10 04:51:43,104 - CameraModule - INFO - Cámara liberada
2025-05-10 04:58:19,026 - SafetySystem - INFO - Iniciando sistema de seguridad modular
2025-05-10 04:58:20,592 - MainSystem - INFO - Sistema de seguridad iniciado
2025-05-10 04:58:20,592 - MainSystem - INFO - Inicializando módulos del sistema
2025-05-10 04:58:20,720 - CameraModule - INFO - Cámara inicializada: 640x480 @ 30fps
2025-05-10 04:58:20,720 - FaceRecognitionModule - INFO - Operadores cargados: 1
2025-05-10 04:58:21,627 - AlarmModule - INFO - Módulo de audio inicializado
2025-05-10 04:58:22,004 - MainSystem - INFO - Operador reconocido: Operador: Nilson Cayao (ID: 47469940)
2025-05-10 04:58:23,491 - BehaviorDetectionModule - INFO - 'cigarette' no está en COCO, usando 'bottle' como sustituto
2025-05-10 04:58:23,655 - BehaviorDetectionModule - INFO - Modelo YOLO cargado correctamente
2025-05-10 04:59:20,124 - MainSystem - WARNING - Múltiples bostezos detectados para operador Operador: Nilson Cayao
2025-05-10 04:59:20,128 - SafetySystem - INFO - Reporte generado: C:\xampp\htdocs\safety_system\reports\47469940_multiple_yawns_20250510_045920.jpg y C:\xampp\htdocs\safety_system\reports\47469940_multiple_yawns_20250510_045920.txt
2025-05-10 04:59:25,889 - MainSystem - WARNING - Múltiples bostezos detectados para operador Operador: Nilson Cayao
2025-05-10 04:59:25,893 - SafetySystem - INFO - Reporte generado: C:\xampp\htdocs\safety_system\reports\47469940_multiple_yawns_20250510_045925.jpg y C:\xampp\htdocs\safety_system\reports\47469940_multiple_yawns_20250510_045925.txt
2025-05-10 04:59:31,624 - MainSystem - WARNING - Múltiples bostezos detectados para operador Operador: Nilson Cayao
2025-05-10 04:59:31,628 - SafetySystem - INFO - Reporte generado: C:\xampp\htdocs\safety_system\reports\47469940_multiple_yawns_20250510_045931.jpg y C:\xampp\htdocs\safety_system\reports\47469940_multiple_yawns_20250510_045931.txt
2025-05-10 04:59:33,880 - MainSystem - INFO - Deteniendo sistema
2025-05-10 04:59:33,896 - CameraModule - INFO - Cámara liberada
2025-05-10 05:04:30,747 - SafetySystem - INFO - Iniciando sistema de seguridad modular
2025-05-10 05:04:32,330 - MainSystem - INFO - Sistema de seguridad iniciado
2025-05-10 05:04:32,330 - MainSystem - INFO - Inicializando módulos del sistema
2025-05-10 05:04:32,451 - CameraModule - INFO - Cámara inicializada: 640x480 @ 30fps
2025-05-10 05:04:32,451 - FaceRecognitionModule - INFO - Operadores cargados: 1
2025-05-10 05:04:33,334 - AlarmModule - INFO - Módulo de audio inicializado
2025-05-10 05:04:33,707 - MainSystem - INFO - Operador reconocido: Operador: Nilson Cayao (ID: 47469940)
2025-05-10 05:04:34,254 - BehaviorDetectionModule - INFO - 'cigarette' no está en COCO, usando 'bottle' como sustituto
2025-05-10 05:04:34,424 - BehaviorDetectionModule - INFO - Modelo YOLO cargado correctamente
2025-05-10 05:05:28,145 - MainSystem - WARNING - Múltiples bostezos detectados para operador Operador: Nilson Cayao
2025-05-10 05:05:28,149 - SafetySystem - INFO - Reporte generado: C:\xampp\htdocs\safety_system\reports\47469940_multiple_yawns_20250510_050528.jpg y C:\xampp\htdocs\safety_system\reports\47469940_multiple_yawns_20250510_050528.txt
2025-05-10 05:05:43,143 - MainSystem - INFO - Deteniendo sistema
2025-05-10 05:05:43,165 - CameraModule - INFO - Cámara liberada
2025-05-10 05:13:58,069 - SafetySystem - INFO - Iniciando sistema de seguridad modular
2025-05-10 05:13:59,658 - MainSystem - INFO - Sistema de seguridad iniciado
2025-05-10 05:13:59,658 - MainSystem - INFO - Inicializando módulos del sistema
2025-05-10 05:13:59,783 - CameraModule - INFO - Cámara inicializada: 640x480 @ 30fps
2025-05-10 05:13:59,783 - FaceRecognitionModule - INFO - Operadores cargados: 1
2025-05-10 05:14:00,698 - AlarmModule - INFO - Módulo de audio inicializado
2025-05-10 05:14:01,075 - MainSystem - INFO - Operador reconocido: Operador: Nilson Cayao (ID: 47469940)
2025-05-10 05:14:01,669 - BehaviorDetectionModule - INFO - 'cigarette' no está en COCO, usando 'bottle' como sustituto
2025-05-10 05:14:01,845 - BehaviorDetectionModule - INFO - Modelo YOLO cargado correctamente
2025-05-10 05:15:00,498 - MainSystem - WARNING - Múltiples bostezos detectados para operador Operador: Nilson Cayao
2025-05-10 05:15:00,502 - SafetySystem - INFO - Reporte generado: C:\xampp\htdocs\safety_system\reports\47469940_multiple_yawns_20250510_051500.jpg y C:\xampp\htdocs\safety_system\reports\47469940_multiple_yawns_20250510_051500.txt
2025-05-10 05:15:01,283 - MainSystem - WARNING - Múltiples bostezos detectados para operador Operador: Nilson Cayao
2025-05-10 05:15:01,287 - SafetySystem - INFO - Reporte generado: C:\xampp\htdocs\safety_system\reports\47469940_multiple_yawns_20250510_051501.jpg y C:\xampp\htdocs\safety_system\reports\47469940_multiple_yawns_20250510_051501.txt
2025-05-10 05:15:02,087 - MainSystem - WARNING - Múltiples bostezos detectados para operador Operador: Nilson Cayao
2025-05-10 05:15:02,090 - SafetySystem - INFO - Reporte generado: C:\xampp\htdocs\safety_system\reports\47469940_multiple_yawns_20250510_051502.jpg y C:\xampp\htdocs\safety_system\reports\47469940_multiple_yawns_20250510_051502.txt
2025-05-10 05:15:09,275 - MainSystem - INFO - Deteniendo sistema
2025-05-10 05:15:09,296 - CameraModule - INFO - Cámara liberada
2025-05-10 05:16:14,986 - SafetySystem - INFO - Iniciando sistema de seguridad modular
2025-05-10 05:16:16,551 - MainSystem - INFO - Sistema de seguridad iniciado
2025-05-10 05:16:16,551 - MainSystem - INFO - Inicializando módulos del sistema
2025-05-10 05:16:16,672 - CameraModule - INFO - Cámara inicializada: 640x480 @ 30fps
2025-05-10 05:16:16,673 - FaceRecognitionModule - INFO - Operadores cargados: 1
2025-05-10 05:16:17,571 - AlarmModule - INFO - Módulo de audio inicializado
2025-05-10 05:16:17,943 - MainSystem - INFO - Operador reconocido: Operador: Nilson Cayao (ID: 47469940)
2025-05-10 05:16:18,485 - BehaviorDetectionModule - INFO - 'cigarette' no está en COCO, usando 'bottle' como sustituto
2025-05-10 05:16:18,652 - BehaviorDetectionModule - INFO - Modelo YOLO cargado correctamente
2025-05-10 05:16:54,816 - MainSystem - WARNING - Múltiples bostezos detectados para operador Operador: Nilson Cayao
2025-05-10 05:16:54,819 - SafetySystem - INFO - Reporte generado: C:\xampp\htdocs\safety_system\reports\47469940_yawns_20250510_051654.jpg y C:\xampp\htdocs\safety_system\reports\47469940_yawns_20250510_051654.txt
2025-05-10 05:17:16,255 - MainSystem - INFO - Deteniendo sistema
2025-05-10 05:17:16,268 - CameraModule - INFO - Cámara liberada
2025-05-10 05:17:50,770 - SafetySystem - INFO - Iniciando sistema de seguridad modular
2025-05-10 05:17:52,324 - MainSystem - INFO - Sistema de seguridad iniciado
2025-05-10 05:17:52,324 - MainSystem - INFO - Inicializando módulos del sistema
2025-05-10 05:17:52,445 - CameraModule - INFO - Cámara inicializada: 640x480 @ 30fps
2025-05-10 05:17:52,445 - FaceRecognitionModule - INFO - Operadores cargados: 1
2025-05-10 05:17:53,340 - AlarmModule - INFO - Módulo de audio inicializado
2025-05-10 05:17:53,714 - MainSystem - INFO - Operador reconocido: Operador: Nilson Cayao (ID: 47469940)
2025-05-10 05:17:54,256 - BehaviorDetectionModule - INFO - 'cigarette' no está en COCO, usando 'bottle' como sustituto
2025-05-10 05:17:54,419 - BehaviorDetectionModule - INFO - Modelo YOLO cargado correctamente
2025-05-10 05:18:52,196 - MainSystem - WARNING - Múltiples bostezos detectados para operador Operador: Nilson Cayao
2025-05-10 05:18:52,200 - SafetySystem - INFO - Reporte generado: C:\xampp\htdocs\safety_system\reports\47469940_yawn_20250510_051852.jpg y C:\xampp\htdocs\safety_system\reports\47469940_yawn_20250510_051852.txt
2025-05-10 05:19:33,480 - MainSystem - INFO - Deteniendo sistema
2025-05-10 05:19:33,504 - CameraModule - INFO - Cámara liberada
2025-05-10 05:23:47,638 - SafetySystem - INFO - Iniciando sistema de seguridad modular
2025-05-10 05:23:49,199 - MainSystem - INFO - Sistema de seguridad iniciado
2025-05-10 05:23:49,199 - MainSystem - INFO - Inicializando módulos del sistema
2025-05-10 05:23:49,325 - CameraModule - INFO - Cámara inicializada: 640x480 @ 30fps
2025-05-10 05:23:49,325 - FaceRecognitionModule - INFO - Operadores cargados: 1
2025-05-10 05:23:50,208 - AlarmModule - INFO - Módulo de audio inicializado
2025-05-10 05:23:50,584 - MainSystem - INFO - Operador reconocido: Operador: Nilson Cayao (ID: 47469940)
2025-05-10 05:23:51,130 - BehaviorDetectionModule - INFO - 'cigarette' no está en COCO, usando 'bottle' como sustituto
2025-05-10 05:23:51,295 - BehaviorDetectionModule - INFO - Modelo YOLO cargado correctamente
2025-05-10 05:24:31,284 - MainSystem - WARNING - Múltiples bostezos detectados para operador Operador: Nilson Cayao
2025-05-10 05:24:31,287 - SafetySystem - INFO - Reporte generado: C:\xampp\htdocs\safety_system\reports\47469940_yawn_20250510_052431.jpg y C:\xampp\htdocs\safety_system\reports\47469940_yawn_20250510_052431.txt
2025-05-10 05:27:26,819 - MainSystem - INFO - Deteniendo sistema
2025-05-10 05:27:26,838 - CameraModule - INFO - Cámara liberada
2025-05-10 05:27:40,873 - SafetySystem - INFO - Iniciando sistema de seguridad modular
2025-05-10 05:27:42,433 - MainSystem - INFO - Sistema de seguridad iniciado
2025-05-10 05:27:42,433 - MainSystem - INFO - Inicializando módulos del sistema
2025-05-10 05:27:42,558 - CameraModule - INFO - Cámara inicializada: 640x480 @ 30fps
2025-05-10 05:27:42,558 - FaceRecognitionModule - INFO - Operadores cargados: 1
2025-05-10 05:27:43,443 - AlarmModule - INFO - Módulo de audio inicializado
2025-05-10 05:27:43,813 - MainSystem - INFO - Operador reconocido: Operador: Nilson Cayao (ID: 47469940)
2025-05-10 05:27:44,367 - BehaviorDetectionModule - INFO - 'cigarette' no está en COCO, usando 'bottle' como sustituto
2025-05-10 05:27:44,531 - BehaviorDetectionModule - INFO - Modelo YOLO cargado correctamente
2025-05-10 05:28:27,071 - MainSystem - WARNING - Múltiples bostezos detectados para operador Operador: Nilson Cayao
2025-05-10 05:28:27,075 - SafetySystem - INFO - Reporte generado: C:\xampp\htdocs\safety_system\reports\47469940_yawn_20250510_052827.jpg y C:\xampp\htdocs\safety_system\reports\47469940_yawn_20250510_052827.txt
2025-05-10 05:28:35,046 - MainSystem - INFO - Deteniendo sistema
2025-05-10 05:28:35,075 - CameraModule - INFO - Cámara liberada
2025-05-10 15:26:16,295 - SafetySystem - INFO - Iniciando sistema de seguridad modular
2025-05-10 15:26:17,974 - MainSystem - INFO - Sistema de seguridad iniciado
2025-05-10 15:26:17,974 - MainSystem - INFO - Inicializando módulos del sistema
2025-05-10 15:26:18,211 - CameraModule - INFO - Cámara inicializada: 640x480 @ 30fps
2025-05-10 15:26:18,219 - FaceRecognitionModule - INFO - Operadores cargados: 1
2025-05-10 15:26:19,177 - AlarmModule - INFO - Módulo de audio inicializado
2025-05-10 15:26:41,617 - MainSystem - INFO - Operador reconocido: Operador: Nilson Cayao (ID: 47469940)
2025-05-10 15:26:41,619 - AlarmModule - INFO - Reproduciendo audio: C:\xampp\htdocs\safety_system\audio\alarma.mp3
2025-05-10 15:26:56,704 - BehaviorDetectionModule - INFO - 'cigarette' no está en COCO, usando 'bottle' como sustituto
2025-05-10 15:26:57,387 - BehaviorDetectionModule - INFO - Modelo YOLO cargado correctamente
2025-05-10 15:27:31,100 - AlarmModule - INFO - Módulo de audio inicializado
2025-05-10 15:27:31,100 - AlarmModule - INFO - Reproduciendo audio: C:\xampp\htdocs\safety_system\audio\telefono.mp3
2025-05-10 15:27:31,102 - MainSystem - WARNING - Alerta de comportamiento: phone_3s - cell phone
2025-05-10 15:27:31,115 - SafetySystem - INFO - Reporte generado: C:\xampp\htdocs\safety_system\reports\47469940_phone_20250510_152731.jpg y C:\xampp\htdocs\safety_system\reports\47469940_phone_20250510_152731.txt
2025-05-10 15:28:10,372 - AlarmModule - INFO - Reproduciendo audio: C:\xampp\htdocs\safety_system\audio\telefono.mp3
2025-05-10 15:28:10,374 - MainSystem - WARNING - Alerta de comportamiento: phone_3s - cell phone
2025-05-10 15:28:10,377 - SafetySystem - INFO - Reporte generado: C:\xampp\htdocs\safety_system\reports\47469940_phone_20250510_152810.jpg y C:\xampp\htdocs\safety_system\reports\47469940_phone_20250510_152810.txt
2025-05-10 15:28:14,314 - AlarmModule - INFO - Reproduciendo audio: C:\xampp\htdocs\safety_system\audio\comportamiento10s.mp3
2025-05-10 15:28:14,315 - MainSystem - WARNING - Alerta de comportamiento: phone_7s - cell phone
2025-05-10 15:28:14,319 - SafetySystem - INFO - Reporte generado: C:\xampp\htdocs\safety_system\reports\47469940_phone_20250510_152814.jpg y C:\xampp\htdocs\safety_system\reports\47469940_phone_20250510_152814.txt
2025-05-10 15:30:50,740 - MainSystem - INFO - Deteniendo sistema
2025-05-10 15:30:50,772 - CameraModule - INFO - Cámara liberada
2025-05-10 16:40:11,422 - SafetySystem - INFO - Iniciando sistema de seguridad modular
2025-05-10 16:40:12,992 - MainSystem - INFO - Sistema de seguridad iniciado
2025-05-10 16:40:12,992 - MainSystem - INFO - Inicializando módulos del sistema
2025-05-10 16:40:13,121 - CameraModule - INFO - Cámara inicializada: 640x480 @ 30fps
2025-05-10 16:40:13,122 - FaceRecognitionModule - INFO - Operadores cargados: 1
2025-05-10 16:40:14,044 - AlarmModule - INFO - Módulo de audio inicializado
2025-05-10 16:40:14,437 - MainSystem - INFO - Operador reconocido: Operador: Nilson Cayao (ID: 47469940)
2025-05-10 16:40:14,437 - AlarmModule - INFO - Reproduciendo audio: C:\xampp\htdocs\safety_system\audio\alarma.mp3
2025-05-10 16:40:15,038 - BehaviorDetectionModule - INFO - 'cigarette' no está en COCO, usando 'bottle' como sustituto
2025-05-10 16:40:15,222 - BehaviorDetectionModule - INFO - Modelo YOLO cargado correctamente
2025-05-10 16:40:44,209 - MainSystem - INFO - Deteniendo sistema
2025-05-10 16:40:44,251 - CameraModule - INFO - Cámara liberada
2025-05-10 16:48:29,302 - SafetySystem - INFO - Iniciando sistema de seguridad modular
2025-05-10 16:48:30,826 - MainSystem - INFO - Sistema de seguridad iniciado
2025-05-10 16:48:30,826 - MainSystem - INFO - Inicializando módulos del sistema
2025-05-10 16:48:30,945 - CameraModule - INFO - Cámara inicializada: 640x480 @ 30fps
2025-05-10 16:48:30,945 - FaceRecognitionModule - INFO - Operadores cargados: 1
2025-05-10 16:48:31,856 - AlarmModule - INFO - Módulo de audio inicializado
2025-05-10 16:48:32,224 - MainSystem - INFO - Operador reconocido: Operador: Nilson Cayao (ID: 47469940)
2025-05-10 16:48:32,225 - AlarmModule - INFO - Reproduciendo audio: C:\xampp\htdocs\safety_system\audio\alarma.mp3
2025-05-10 16:48:32,781 - BehaviorDetectionModule - INFO - 'cigarette' no está en COCO, usando 'bottle' como sustituto
2025-05-10 16:48:32,946 - BehaviorDetectionModule - INFO - Modelo YOLO cargado correctamente
2025-05-10 16:49:05,985 - AlarmModule - INFO - Módulo de audio inicializado
2025-05-10 16:49:05,985 - AlarmModule - INFO - Reproduciendo audio: C:\xampp\htdocs\safety_system\audio\alarma.mp3
2025-05-10 16:49:05,987 - MainSystem - WARNING - Alerta de comportamiento: phone_3s - cell phone
2025-05-10 16:49:05,990 - SafetySystem - INFO - Reporte generado: C:\xampp\htdocs\safety_system\reports\47469940_phone_20250510_164905.jpg y C:\xampp\htdocs\safety_system\reports\47469940_phone_20250510_164905.txt
2025-05-10 16:49:17,417 - AlarmModule - INFO - Reproduciendo audio: C:\xampp\htdocs\safety_system\audio\alarma.mp3
2025-05-10 16:49:17,419 - MainSystem - WARNING - Alerta de comportamiento: phone_3s - cell phone
2025-05-10 16:49:17,422 - SafetySystem - INFO - Reporte generado: C:\xampp\htdocs\safety_system\reports\47469940_phone_20250510_164917.jpg y C:\xampp\htdocs\safety_system\reports\47469940_phone_20250510_164917.txt
2025-05-10 16:49:22,028 - AlarmModule - INFO - Reproduciendo audio: C:\xampp\htdocs\safety_system\audio\alarma.mp3
2025-05-10 16:49:22,029 - MainSystem - WARNING - Alerta de comportamiento: phone_7s - cell phone
2025-05-10 16:49:22,032 - SafetySystem - INFO - Reporte generado: C:\xampp\htdocs\safety_system\reports\47469940_phone_20250510_164922.jpg y C:\xampp\htdocs\safety_system\reports\47469940_phone_20250510_164922.txt
2025-05-10 16:49:27,120 - MainSystem - INFO - Deteniendo sistema
2025-05-10 16:49:27,151 - CameraModule - INFO - Cámara liberada
2025-05-10 16:56:11,148 - SafetySystem - INFO - Iniciando sistema de seguridad modular
2025-05-10 16:56:12,686 - AlarmModule - INFO - Módulo de audio inicializado
2025-05-10 16:56:12,710 - MainSystem - INFO - Sistema de seguridad iniciado
2025-05-10 16:56:12,710 - MainSystem - INFO - Inicializando módulos del sistema
2025-05-10 16:56:12,835 - CameraModule - INFO - Cámara inicializada: 640x480 @ 30fps
2025-05-10 16:56:12,835 - FaceRecognitionModule - INFO - Operadores cargados: 1
2025-05-10 16:56:13,723 - AlarmModule - INFO - Módulo de audio inicializado
2025-05-10 16:56:13,829 - FaceRecognitionModule - INFO - Cambio a modo NOCTURNO (Nivel de luz: 0.1)
2025-05-10 16:56:14,154 - FaceRecognitionModule - INFO - Cambio a modo DIURNO (Nivel de luz: 191.2)
2025-05-10 16:56:15,095 - MainSystem - INFO - Operador reconocido: Operador: Nilson Cayao (ID: 47469940)
2025-05-10 16:56:15,095 - AlarmModule - INFO - Reproduciendo audio: C:\xampp\htdocs\safety_system\audio\alarma.mp3
2025-05-10 16:56:17,984 - BehaviorDetectionModule - INFO - 'cigarette' no está en COCO, usando 'bottle' como sustituto
2025-05-10 16:56:18,147 - BehaviorDetectionModule - INFO - Modelo YOLO cargado correctamente
2025-05-10 16:56:30,683 - AlarmModule - INFO - Reproduciendo audio: C:\xampp\htdocs\safety_system\audio\telefono.mp3
2025-05-10 16:56:30,685 - MainSystem - WARNING - Alerta de comportamiento: phone_3s - cell phone
2025-05-10 16:56:30,689 - SafetySystem - INFO - Reporte generado: C:\xampp\htdocs\safety_system\reports\47469940_phone_20250510_165630.jpg y C:\xampp\htdocs\safety_system\reports\47469940_phone_20250510_165630.txt
2025-05-10 16:56:36,807 - MainSystem - INFO - Deteniendo sistema
2025-05-10 16:56:36,818 - CameraModule - INFO - Cámara liberada
2025-05-10 16:57:20,718 - SafetySystem - INFO - Iniciando sistema de seguridad modular
2025-05-10 16:57:21,732 - AlarmModule - INFO - Módulo de audio inicializado
2025-05-10 16:57:21,749 - MainSystem - INFO - Sistema de seguridad iniciado
2025-05-10 16:57:21,749 - MainSystem - INFO - Inicializando módulos del sistema
2025-05-10 16:57:21,869 - CameraModule - INFO - Cámara inicializada: 640x480 @ 30fps
2025-05-10 16:57:21,871 - FaceRecognitionModule - INFO - Operadores cargados: 1
2025-05-10 16:57:22,754 - AlarmModule - INFO - Módulo de audio inicializado
2025-05-10 16:57:23,127 - MainSystem - INFO - Operador reconocido: Operador: Nilson Cayao (ID: 47469940)
2025-05-10 16:57:23,128 - AlarmModule - INFO - Reproduciendo audio: C:\xampp\htdocs\safety_system\audio\alarma.mp3
2025-05-10 16:57:23,726 - BehaviorDetectionModule - INFO - 'cigarette' no está en COCO, usando 'bottle' como sustituto
2025-05-10 16:57:23,890 - BehaviorDetectionModule - INFO - Modelo YOLO cargado correctamente
2025-05-10 17:00:53,283 - MainSystem - INFO - Deteniendo sistema
2025-05-10 17:00:53,316 - CameraModule - INFO - Cámara liberada
2025-05-10 17:30:27,067 - SafetySystem - INFO - Iniciando sistema de seguridad modular
2025-05-10 17:30:28,106 - AlarmModule - INFO - Módulo de audio inicializado
2025-05-10 17:30:28,121 - MainSystem - INFO - Sistema de seguridad iniciado
2025-05-10 17:30:28,121 - MainSystem - INFO - Inicializando módulos del sistema
2025-05-10 17:30:28,247 - CameraModule - INFO - Cámara inicializada: 640x480 @ 30fps
2025-05-10 17:30:28,247 - FaceRecognitionModule - INFO - Operadores cargados: 1
2025-05-10 17:30:29,145 - AlarmModule - INFO - Módulo de audio inicializado
2025-05-10 17:30:29,251 - FaceRecognitionModule - INFO - Cambio a modo NOCTURNO (Nivel de luz: 0.1)
2025-05-10 17:30:29,364 - FaceRecognitionModule - INFO - Cambio a modo DIURNO (Nivel de luz: 186.5)
2025-05-10 17:30:29,624 - MainSystem - INFO - Operador reconocido: Operador: Nilson Cayao (ID: 47469940)
2025-05-10 17:30:29,625 - AlarmModule - INFO - Reproduciendo audio: C:\xampp\htdocs\safety_system\audio\alarma.mp3
2025-05-10 17:30:30,172 - BehaviorDetectionModule - INFO - 'cigarette' no está en COCO, usando 'bottle' como sustituto
2025-05-10 17:30:30,347 - BehaviorDetectionModule - INFO - Modelo YOLO cargado correctamente
2025-05-10 17:31:43,291 - MainSystem - INFO - Deteniendo sistema
2025-05-10 17:31:43,307 - CameraModule - INFO - Cámara liberada
2025-05-10 17:43:41,490 - SafetySystem - INFO - Iniciando sistema de seguridad modular
2025-05-10 17:43:42,501 - AlarmModule - INFO - Módulo de audio inicializado
2025-05-10 17:43:42,515 - MainSystem - INFO - Sistema de seguridad iniciado
2025-05-10 17:43:42,515 - MainSystem - INFO - Inicializando módulos del sistema
2025-05-10 17:43:42,636 - CameraModule - INFO - Cámara inicializada: 640x480 @ 30fps
2025-05-10 17:43:42,636 - FaceRecognitionModule - INFO - Operadores cargados: 1
2025-05-10 17:43:43,543 - AlarmModule - INFO - Módulo de audio inicializado
2025-05-10 17:43:43,652 - FaceRecognitionModule - INFO - Cambio a modo NOCTURNO (Nivel de luz: 0.1)
2025-05-10 17:43:43,778 - FaceRecognitionModule - INFO - Cambio a modo DIURNO (Nivel de luz: 186.4)
2025-05-10 17:43:44,073 - MainSystem - INFO - Operador reconocido: Operador: Nilson Cayao (ID: 47469940)
2025-05-10 17:43:44,073 - AlarmModule - INFO - Reproduciendo audio: C:\xampp\htdocs\safety_system\audio\alarma.mp3
2025-05-10 17:43:44,657 - BehaviorDetectionModule - INFO - 'cigarette' no está en COCO, usando 'bottle' como sustituto
2025-05-10 17:43:44,844 - BehaviorDetectionModule - INFO - Modelo YOLO cargado correctamente
2025-05-10 17:43:46,278 - MainSystem - WARNING - Distracción detectada para operador Operador: Nilson Cayao
2025-05-10 17:43:51,706 - MainSystem - WARNING - Distracción detectada para operador Operador: Nilson Cayao
2025-05-10 17:44:26,574 - MainSystem - WARNING - Distracción detectada para operador Operador: Nilson Cayao
2025-05-10 17:44:31,979 - MainSystem - WARNING - Distracción detectada para operador Operador: Nilson Cayao
2025-05-10 17:44:37,406 - MainSystem - WARNING - Distracción detectada para operador Operador: Nilson Cayao
2025-05-10 17:44:42,794 - MainSystem - WARNING - Distracción detectada para operador Operador: Nilson Cayao
2025-05-10 17:44:48,187 - MainSystem - WARNING - Distracción detectada para operador Operador: Nilson Cayao
2025-05-10 17:44:53,526 - MainSystem - WARNING - Distracción detectada para operador Operador: Nilson Cayao
2025-05-10 17:44:58,913 - MainSystem - WARNING - Distracción detectada para operador Operador: Nilson Cayao
2025-05-10 17:45:09,442 - MainSystem - WARNING - Distracción detectada para operador Operador: Nilson Cayao
2025-05-10 17:45:14,957 - MainSystem - WARNING - Distracción detectada para operador Operador: Nilson Cayao
2025-05-10 17:45:20,350 - MainSystem - WARNING - Distracción detectada para operador Operador: Nilson Cayao
2025-05-10 17:45:25,747 - MainSystem - WARNING - Distracción detectada para operador Operador: Nilson Cayao
2025-05-10 17:45:31,122 - MainSystem - WARNING - Distracción detectada para operador Operador: Nilson Cayao
2025-05-10 17:45:36,504 - MainSystem - WARNING - Distracción detectada para operador Operador: Nilson Cayao
2025-05-10 17:45:41,845 - MainSystem - WARNING - Distracción detectada para operador Operador: Nilson Cayao
2025-05-10 17:45:47,234 - MainSystem - WARNING - Distracción detectada para operador Operador: Nilson Cayao
2025-05-10 17:45:52,579 - MainSystem - WARNING - Distracción detectada para operador Operador: Nilson Cayao
2025-05-10 17:45:58,265 - MainSystem - WARNING - Distracción detectada para operador Operador: Nilson Cayao
2025-05-10 17:46:03,952 - MainSystem - WARNING - Distracción detectada para operador Operador: Nilson Cayao
2025-05-10 17:46:09,338 - MainSystem - WARNING - Distracción detectada para operador Operador: Nilson Cayao
2025-05-10 17:46:09,342 - SafetySystem - INFO - Reporte generado: C:\xampp\htdocs\safety_system\reports\47469940_distraction_20250510_174609.jpg y C:\xampp\htdocs\safety_system\reports\47469940_distraction_20250510_174609.txt
2025-05-10 17:46:15,418 - MainSystem - WARNING - Distracción detectada para operador Operador: Nilson Cayao
2025-05-10 17:46:15,421 - SafetySystem - INFO - Reporte generado: C:\xampp\htdocs\safety_system\reports\47469940_distraction_20250510_174615.jpg y C:\xampp\htdocs\safety_system\reports\47469940_distraction_20250510_174615.txt
2025-05-10 17:46:25,436 - MainSystem - WARNING - Distracción detectada para operador Operador: Nilson Cayao
2025-05-10 17:46:30,802 - MainSystem - WARNING - Distracción detectada para operador Operador: Nilson Cayao
2025-05-10 17:46:36,182 - MainSystem - WARNING - Distracción detectada para operador Operador: Nilson Cayao
2025-05-10 17:46:41,558 - MainSystem - WARNING - Distracción detectada para operador Operador: Nilson Cayao
2025-05-10 17:46:46,986 - MainSystem - WARNING - Distracción detectada para operador Operador: Nilson Cayao
2025-05-10 17:46:52,472 - MainSystem - WARNING - Distracción detectada para operador Operador: Nilson Cayao
2025-05-10 17:46:57,854 - MainSystem - WARNING - Distracción detectada para operador Operador: Nilson Cayao
2025-05-10 17:47:03,248 - MainSystem - WARNING - Distracción detectada para operador Operador: Nilson Cayao
2025-05-10 17:47:07,608 - MainSystem - INFO - Deteniendo sistema
2025-05-10 17:47:07,643 - CameraModule - INFO - Cámara liberada
2025-05-10 17:54:18,118 - SafetySystem - INFO - Iniciando sistema de seguridad modular
2025-05-10 17:54:19,148 - AlarmModule - INFO - Módulo de audio inicializado
2025-05-10 17:54:19,162 - MainSystem - INFO - Sistema de seguridad iniciado
2025-05-10 17:54:19,162 - MainSystem - INFO - Inicializando módulos del sistema
2025-05-10 17:54:19,285 - CameraModule - INFO - Cámara inicializada: 640x480 @ 30fps
2025-05-10 17:54:19,286 - FaceRecognitionModule - INFO - Operadores cargados: 1
2025-05-10 17:54:20,169 - AlarmModule - INFO - Módulo de audio inicializado
2025-05-10 17:54:20,538 - MainSystem - INFO - Operador reconocido: Operador: Nilson Cayao (ID: 47469940)
2025-05-10 17:54:20,539 - AlarmModule - INFO - Reproduciendo audio: C:\xampp\htdocs\safety_system\audio\alarma.mp3
2025-05-10 17:54:21,082 - BehaviorDetectionModule - INFO - 'cigarette' no está en COCO, usando 'bottle' como sustituto
2025-05-10 17:54:21,248 - BehaviorDetectionModule - INFO - Modelo YOLO cargado correctamente
2025-05-10 17:54:48,597 - MainSystem - WARNING - Distracción detectada para operador Operador: Nilson Cayao
2025-05-10 17:54:53,982 - MainSystem - WARNING - Distracción detectada para operador Operador: Nilson Cayao
2025-05-10 17:54:59,410 - MainSystem - WARNING - Distracción detectada para operador Operador: Nilson Cayao
2025-05-10 17:55:04,782 - MainSystem - WARNING - Distracción detectada para operador Operador: Nilson Cayao
2025-05-10 17:55:10,413 - MainSystem - WARNING - Distracción detectada para operador Operador: Nilson Cayao
2025-05-10 17:55:15,836 - MainSystem - WARNING - Distracción detectada para operador Operador: Nilson Cayao
2025-05-10 17:55:44,368 - MainSystem - WARNING - Distracción detectada para operador Operador: Nilson Cayao
2025-05-10 17:55:49,722 - MainSystem - WARNING - Distracción detectada para operador Operador: Nilson Cayao
2025-05-10 17:55:55,113 - MainSystem - WARNING - Distracción detectada para operador Operador: Nilson Cayao
2025-05-10 17:56:00,536 - MainSystem - WARNING - Distracción detectada para operador Operador: Nilson Cayao
2025-05-10 17:56:05,925 - MainSystem - WARNING - Distracción detectada para operador Operador: Nilson Cayao
2025-05-10 17:56:11,309 - MainSystem - WARNING - Distracción detectada para operador Operador: Nilson Cayao
2025-05-10 17:56:16,704 - MainSystem - WARNING - Distracción detectada para operador Operador: Nilson Cayao
2025-05-10 17:56:33,620 - MainSystem - WARNING - Distracción detectada para operador Operador: Nilson Cayao
2025-05-10 17:56:39,027 - MainSystem - WARNING - Distracción detectada para operador Operador: Nilson Cayao
2025-05-10 17:56:45,827 - MainSystem - WARNING - Distracción detectada para operador Operador: Nilson Cayao
2025-05-10 17:56:51,266 - MainSystem - WARNING - Distracción detectada para operador Operador: Nilson Cayao
2025-05-10 17:56:56,867 - MainSystem - WARNING - Distracción detectada para operador Operador: Nilson Cayao
2025-05-10 17:57:02,255 - MainSystem - WARNING - Distracción detectada para operador Operador: Nilson Cayao
2025-05-10 17:57:07,636 - MainSystem - WARNING - Distracción detectada para operador Operador: Nilson Cayao
2025-05-10 17:57:13,010 - MainSystem - WARNING - Distracción detectada para operador Operador: Nilson Cayao
2025-05-10 17:57:18,462 - MainSystem - WARNING - Distracción detectada para operador Operador: Nilson Cayao
2025-05-10 17:57:39,142 - MainSystem - WARNING - Distracción detectada para operador Operador: Nilson Cayao
2025-05-10 17:57:44,538 - MainSystem - WARNING - Distracción detectada para operador Operador: Nilson Cayao
2025-05-10 17:57:49,888 - MainSystem - WARNING - Distracción detectada para operador Operador: Nilson Cayao
2025-05-10 17:57:55,202 - MainSystem - WARNING - Distracción detectada para operador Operador: Nilson Cayao
2025-05-10 17:58:01,047 - MainSystem - WARNING - Distracción detectada para operador Operador: Nilson Cayao
2025-05-10 17:58:06,127 - MainSystem - WARNING - Distracción detectada para operador Operador: Nilson Cayao
2025-05-10 17:58:11,517 - MainSystem - WARNING - Distracción detectada para operador Operador: Nilson Cayao
2025-05-10 17:58:16,877 - MainSystem - WARNING - Distracción detectada para operador Operador: Nilson Cayao
2025-05-10 17:58:42,376 - MainSystem - WARNING - Distracción detectada para operador Operador: Nilson Cayao
2025-05-10 17:59:17,394 - MainSystem - WARNING - Distracción detectada para operador Operador: Nilson Cayao
2025-05-10 17:59:20,680 - MainSystem - INFO - Deteniendo sistema
2025-05-10 17:59:20,698 - CameraModule - INFO - Cámara liberada
2025-05-10 17:59:45,339 - SafetySystem - INFO - Iniciando sistema de seguridad modular
2025-05-10 17:59:46,390 - AlarmModule - INFO - Módulo de audio inicializado
2025-05-10 17:59:46,406 - MainSystem - INFO - Sistema de seguridad iniciado
2025-05-10 17:59:46,406 - MainSystem - INFO - Inicializando módulos del sistema
2025-05-10 17:59:46,532 - CameraModule - INFO - Cámara inicializada: 640x480 @ 30fps
2025-05-10 17:59:46,532 - FaceRecognitionModule - INFO - Operadores cargados: 1
2025-05-10 17:59:47,409 - AlarmModule - INFO - Módulo de audio inicializado
2025-05-10 17:59:47,778 - MainSystem - INFO - Operador reconocido: Operador: Nilson Cayao (ID: 47469940)
2025-05-10 17:59:47,779 - AlarmModule - INFO - Reproduciendo audio: C:\xampp\htdocs\safety_system\audio\alarma.mp3
2025-05-10 17:59:48,321 - BehaviorDetectionModule - INFO - 'cigarette' no está en COCO, usando 'bottle' como sustituto
2025-05-10 17:59:48,491 - BehaviorDetectionModule - INFO - Modelo YOLO cargado correctamente
2025-05-10 17:59:55,435 - MainSystem - WARNING - Distracción detectada para operador Operador: Nilson Cayao
2025-05-10 18:00:00,764 - MainSystem - WARNING - Distracción detectada para operador Operador: Nilson Cayao
2025-05-10 18:00:06,127 - MainSystem - WARNING - Distracción detectada para operador Operador: Nilson Cayao
2025-05-10 18:00:11,496 - MainSystem - WARNING - Distracción detectada para operador Operador: Nilson Cayao
2025-05-10 18:00:16,901 - MainSystem - WARNING - Distracción detectada para operador Operador: Nilson Cayao
2025-05-10 18:00:22,246 - MainSystem - WARNING - Distracción detectada para operador Operador: Nilson Cayao
2025-05-10 18:00:27,588 - MainSystem - WARNING - Distracción detectada para operador Operador: Nilson Cayao
2025-05-10 18:00:54,875 - MainSystem - INFO - Deteniendo sistema
2025-05-10 18:00:54,905 - CameraModule - INFO - Cámara liberada
2025-05-10 18:17:59,848 - SafetySystem - INFO - Iniciando sistema de seguridad modular
2025-05-10 18:18:00,963 - AlarmModule - INFO - Módulo de audio inicializado
2025-05-10 18:18:00,979 - MainSystem - INFO - Sistema de seguridad iniciado
2025-05-10 18:18:00,979 - MainSystem - INFO - Inicializando módulos del sistema
2025-05-10 18:18:01,113 - CameraModule - INFO - Cámara inicializada: 640x480 @ 30fps
2025-05-10 18:18:01,114 - FaceRecognitionModule - INFO - Operadores cargados: 1
2025-05-10 18:18:02,007 - AlarmModule - INFO - Módulo de audio inicializado
2025-05-10 18:18:02,114 - FaceRecognitionModule - INFO - Cambio a modo NOCTURNO (Nivel de luz: 0.1)
2025-05-10 18:18:02,340 - FaceRecognitionModule - INFO - Cambio a modo DIURNO (Nivel de luz: 200.2)
2025-05-10 18:18:03,143 - MainSystem - INFO - Operador reconocido: Operador: Nilson Cayao (ID: 47469940)
2025-05-10 18:18:03,143 - AlarmModule - INFO - Reproduciendo audio: C:\xampp\htdocs\safety_system\audio\alarma.mp3
2025-05-10 18:18:03,685 - BehaviorDetectionModule - INFO - 'cigarette' no está en COCO, usando 'bottle' como sustituto
2025-05-10 18:18:03,863 - BehaviorDetectionModule - INFO - Modelo YOLO cargado correctamente
2025-05-10 18:18:12,611 - MainSystem - WARNING - Distracción detectada para operador Operador: Nilson Cayao
2025-05-10 18:18:12,615 - SafetySystem - INFO - Reporte generado: C:\xampp\htdocs\safety_system\reports\47469940_distraction_20250510_181812.jpg y C:\xampp\htdocs\safety_system\reports\47469940_distraction_20250510_181812.txt
2025-05-10 18:18:18,001 - MainSystem - WARNING - Distracción detectada para operador Operador: Nilson Cayao
2025-05-10 18:18:18,005 - SafetySystem - INFO - Reporte generado: C:\xampp\htdocs\safety_system\reports\47469940_distraction_20250510_181818.jpg y C:\xampp\htdocs\safety_system\reports\47469940_distraction_20250510_181818.txt
2025-05-10 18:18:35,817 - MainSystem - WARNING - Distracción detectada para operador Operador: Nilson Cayao
2025-05-10 18:18:35,821 - SafetySystem - INFO - Reporte generado: C:\xampp\htdocs\safety_system\reports\47469940_distraction_20250510_181835.jpg y C:\xampp\htdocs\safety_system\reports\47469940_distraction_20250510_181835.txt
2025-05-10 18:18:42,167 - MainSystem - INFO - Deteniendo sistema
2025-05-10 18:18:42,205 - CameraModule - INFO - Cámara liberada
2025-05-10 18:27:57,057 - SafetySystem - INFO - Iniciando sistema de seguridad modular
2025-05-10 18:27:58,081 - AlarmModule - INFO - Módulo de audio inicializado
2025-05-10 18:27:58,096 - MainSystem - INFO - Sistema de seguridad iniciado
2025-05-10 18:27:58,096 - MainSystem - INFO - Inicializando módulos del sistema
2025-05-10 18:27:58,223 - CameraModule - INFO - Cámara inicializada: 640x480 @ 30fps
2025-05-10 18:27:58,223 - FaceRecognitionModule - INFO - Operadores cargados: 1
2025-05-10 18:27:59,140 - AlarmModule - INFO - Módulo de audio inicializado
2025-05-10 18:27:59,248 - FaceRecognitionModule - INFO - Cambio a modo NOCTURNO (Nivel de luz: 0.1)
2025-05-10 18:27:59,344 - MainSystem - ERROR - Error en bucle principal: local variable 'distraction' referenced before assignment
2025-05-10 18:27:59,556 - MainSystem - ERROR - Error en bucle principal: local variable 'distraction' referenced before assignment
2025-05-10 18:27:59,667 - FaceRecognitionModule - INFO - Cambio a modo DIURNO (Nivel de luz: 184.5)
2025-05-10 18:27:59,933 - MainSystem - INFO - Operador reconocido: Operador: Nilson Cayao (ID: 47469940)
2025-05-10 18:27:59,933 - AlarmModule - INFO - Reproduciendo audio: C:\xampp\htdocs\safety_system\audio\alarma.mp3
2025-05-10 18:28:00,396 - MainSystem - ERROR - Error en bucle principal: local variable 'distraction' referenced before assignment
2025-05-10 18:28:00,961 - MainSystem - ERROR - Error en bucle principal: local variable 'distraction' referenced before assignment
2025-05-10 18:28:01,534 - MainSystem - ERROR - Error en bucle principal: local variable 'distraction' referenced before assignment
2025-05-10 18:28:30,628 - MainSystem - WARNING - Fatiga detectada para operador Operador: Nilson Cayao
2025-05-10 18:28:30,629 - AlarmModule - INFO - Reproduciendo audio: C:\xampp\htdocs\safety_system\audio\alarma.mp3
2025-05-10 18:28:30,632 - SafetySystem - INFO - Reporte generado: C:\xampp\htdocs\safety_system\reports\47469940_fatigue_20250510_182830.jpg y C:\xampp\htdocs\safety_system\reports\47469940_fatigue_20250510_182830.txt
2025-05-10 18:28:47,529 - MainSystem - WARNING - Bostezo detectado para operador Operador: Nilson Cayao
2025-05-10 18:28:47,533 - SafetySystem - INFO - Reporte generado: C:\xampp\htdocs\safety_system\reports\47469940_yawn_20250510_182847.jpg y C:\xampp\htdocs\safety_system\reports\47469940_yawn_20250510_182847.txt
2025-05-10 18:28:53,025 - MainSystem - WARNING - Bostezo detectado para operador Operador: Nilson Cayao
2025-05-10 18:28:53,028 - SafetySystem - INFO - Reporte generado: C:\xampp\htdocs\safety_system\reports\47469940_yawn_20250510_182853.jpg y C:\xampp\htdocs\safety_system\reports\47469940_yawn_20250510_182853.txt
2025-05-10 18:28:58,454 - MainSystem - WARNING - Bostezo detectado para operador Operador: Nilson Cayao
2025-05-10 18:28:58,457 - SafetySystem - INFO - Reporte generado: C:\xampp\htdocs\safety_system\reports\47469940_yawn_20250510_182858.jpg y C:\xampp\htdocs\safety_system\reports\47469940_yawn_20250510_182858.txt
2025-05-10 18:29:05,011 - MainSystem - WARNING - Fatiga detectada para operador Operador: Nilson Cayao
2025-05-10 18:29:05,011 - AlarmModule - INFO - Reproduciendo audio: C:\xampp\htdocs\safety_system\audio\alarma.mp3
2025-05-10 18:29:05,015 - SafetySystem - INFO - Reporte generado: C:\xampp\htdocs\safety_system\reports\47469940_fatigue_20250510_182905.jpg y C:\xampp\htdocs\safety_system\reports\47469940_fatigue_20250510_182905.txt
2025-05-10 18:29:05,015 - MainSystem - WARNING - Bostezo detectado para operador Operador: Nilson Cayao
2025-05-10 18:29:05,019 - SafetySystem - INFO - Reporte generado: C:\xampp\htdocs\safety_system\reports\47469940_yawn_20250510_182905.jpg y C:\xampp\htdocs\safety_system\reports\47469940_yawn_20250510_182905.txt
2025-05-10 18:29:10,895 - MainSystem - WARNING - Bostezo detectado para operador Operador: Nilson Cayao
2025-05-10 18:29:10,899 - SafetySystem - INFO - Reporte generado: C:\xampp\htdocs\safety_system\reports\47469940_yawn_20250510_182910.jpg y C:\xampp\htdocs\safety_system\reports\47469940_yawn_20250510_182910.txt
2025-05-10 18:29:15,903 - MainSystem - WARNING - Bostezo detectado para operador Operador: Nilson Cayao
2025-05-10 18:29:15,907 - SafetySystem - INFO - Reporte generado: C:\xampp\htdocs\safety_system\reports\47469940_yawn_20250510_182915.jpg y C:\xampp\htdocs\safety_system\reports\47469940_yawn_20250510_182915.txt
2025-05-10 18:29:27,440 - MainSystem - INFO - Deteniendo sistema
2025-05-10 18:29:27,472 - CameraModule - INFO - Cámara liberada
2025-05-10 18:34:19,548 - SafetySystem - INFO - Iniciando sistema de seguridad modular
2025-05-10 18:34:20,560 - AlarmModule - INFO - Módulo de audio inicializado
2025-05-10 18:34:20,574 - MainSystem - INFO - Sistema de seguridad iniciado
2025-05-10 18:34:20,575 - MainSystem - INFO - Inicializando módulos del sistema
2025-05-10 18:34:20,697 - CameraModule - INFO - Cámara inicializada: 640x480 @ 30fps
2025-05-10 18:34:20,697 - FaceRecognitionModule - INFO - Operadores cargados: 1
2025-05-10 18:34:21,621 - AlarmModule - INFO - Módulo de audio inicializado
2025-05-10 18:34:21,732 - FaceRecognitionModule - INFO - Cambio a modo NOCTURNO (Nivel de luz: 0.1)
2025-05-10 18:34:21,830 - MainSystem - ERROR - Error en bucle principal: local variable 'distraction' referenced before assignment
2025-05-10 18:34:21,944 - FaceRecognitionModule - INFO - Cambio a modo DIURNO (Nivel de luz: 185.4)
2025-05-10 18:34:22,212 - MainSystem - INFO - Operador reconocido: Operador: Nilson Cayao (ID: 47469940)
2025-05-10 18:34:22,212 - AlarmModule - INFO - Reproduciendo audio: C:\xampp\htdocs\safety_system\audio\alarma.mp3
2025-05-10 18:34:43,248 - MainSystem - WARNING - Distracción nivel 1 detectada para operador Operador: Nilson Cayao
2025-05-10 18:34:43,252 - SafetySystem - INFO - Reporte generado: C:\xampp\htdocs\safety_system\reports\47469940_distraction_20250510_183443.jpg y C:\xampp\htdocs\safety_system\reports\47469940_distraction_20250510_183443.txt
2025-05-10 18:34:56,493 - MainSystem - WARNING - Distracción nivel 1 detectada para operador Operador: Nilson Cayao
2025-05-10 18:34:56,497 - SafetySystem - INFO - Reporte generado: C:\xampp\htdocs\safety_system\reports\47469940_distraction_20250510_183456.jpg y C:\xampp\htdocs\safety_system\reports\47469940_distraction_20250510_183456.txt
2025-05-10 18:35:01,508 - MainSystem - WARNING - Bostezo detectado para operador Operador: Nilson Cayao
2025-05-10 18:35:01,512 - SafetySystem - INFO - Reporte generado: C:\xampp\htdocs\safety_system\reports\47469940_yawn_20250510_183501.jpg y C:\xampp\htdocs\safety_system\reports\47469940_yawn_20250510_183501.txt
2025-05-10 18:35:07,080 - MainSystem - WARNING - Bostezo detectado para operador Operador: Nilson Cayao
2025-05-10 18:35:07,084 - SafetySystem - INFO - Reporte generado: C:\xampp\htdocs\safety_system\reports\47469940_yawn_20250510_183507.jpg y C:\xampp\htdocs\safety_system\reports\47469940_yawn_20250510_183507.txt
2025-05-10 18:35:07,084 - MainSystem - WARNING - Distracción nivel 1 detectada para operador Operador: Nilson Cayao
2025-05-10 18:35:07,087 - SafetySystem - INFO - Reporte generado: C:\xampp\htdocs\safety_system\reports\47469940_distraction_20250510_183507.jpg y C:\xampp\htdocs\safety_system\reports\47469940_distraction_20250510_183507.txt
2025-05-10 18:35:12,090 - MainSystem - WARNING - Bostezo detectado para operador Operador: Nilson Cayao
2025-05-10 18:35:12,094 - SafetySystem - INFO - Reporte generado: C:\xampp\htdocs\safety_system\reports\47469940_yawn_20250510_183512.jpg y C:\xampp\htdocs\safety_system\reports\47469940_yawn_20250510_183512.txt
2025-05-10 18:35:12,094 - MainSystem - WARNING - Distracción nivel 1 detectada para operador Operador: Nilson Cayao
2025-05-10 18:35:12,098 - SafetySystem - INFO - Reporte generado: C:\xampp\htdocs\safety_system\reports\47469940_distraction_20250510_183512.jpg y C:\xampp\htdocs\safety_system\reports\47469940_distraction_20250510_183512.txt
2025-05-10 18:35:17,117 - MainSystem - WARNING - Bostezo detectado para operador Operador: Nilson Cayao
2025-05-10 18:35:17,121 - SafetySystem - INFO - Reporte generado: C:\xampp\htdocs\safety_system\reports\47469940_yawn_20250510_183517.jpg y C:\xampp\htdocs\safety_system\reports\47469940_yawn_20250510_183517.txt
2025-05-10 18:35:17,121 - MainSystem - INFO - Deteniendo sistema
2025-05-10 18:35:17,155 - CameraModule - INFO - Cámara liberada
2025-05-10 18:37:04,851 - SafetySystem - INFO - Iniciando sistema de seguridad modular
2025-05-10 18:37:05,880 - AlarmModule - INFO - Módulo de audio inicializado
2025-05-10 18:37:05,895 - MainSystem - INFO - Sistema de seguridad iniciado
2025-05-10 18:37:05,895 - MainSystem - INFO - Inicializando módulos del sistema
2025-05-10 18:37:06,016 - CameraModule - INFO - Cámara inicializada: 640x480 @ 30fps
2025-05-10 18:37:06,016 - FaceRecognitionModule - INFO - Operadores cargados: 1
2025-05-10 18:37:06,897 - AlarmModule - INFO - Módulo de audio inicializado
2025-05-10 18:37:07,001 - FaceRecognitionModule - INFO - Cambio a modo NOCTURNO (Nivel de luz: 0.1)
2025-05-10 18:37:07,098 - MainSystem - ERROR - Error en bucle principal: local variable 'distraction' referenced before assignment
2025-05-10 18:37:07,210 - FaceRecognitionModule - INFO - Cambio a modo DIURNO (Nivel de luz: 189.1)
2025-05-10 18:37:07,469 - MainSystem - INFO - Operador reconocido: Operador: Nilson Cayao (ID: 47469940)
2025-05-10 18:37:07,470 - AlarmModule - INFO - Reproduciendo audio: C:\xampp\htdocs\safety_system\audio\alarma.mp3
2025-05-10 18:37:25,976 - MainSystem - WARNING - Distracción nivel 1 detectada para operador Operador: Nilson Cayao
2025-05-10 18:37:25,979 - SafetySystem - INFO - Reporte generado: C:\xampp\htdocs\safety_system\reports\47469940_distraction_20250510_183725.jpg y C:\xampp\htdocs\safety_system\reports\47469940_distraction_20250510_183725.txt
2025-05-10 18:37:37,536 - MainSystem - WARNING - Distracción nivel 1 detectada para operador Operador: Nilson Cayao
2025-05-10 18:37:37,540 - SafetySystem - INFO - Reporte generado: C:\xampp\htdocs\safety_system\reports\47469940_distraction_20250510_183737.jpg y C:\xampp\htdocs\safety_system\reports\47469940_distraction_20250510_183737.txt
2025-05-10 18:37:48,631 - MainSystem - WARNING - Bostezo detectado para operador Operador: Nilson Cayao
2025-05-10 18:37:48,635 - SafetySystem - INFO - Reporte generado: C:\xampp\htdocs\safety_system\reports\47469940_yawn_20250510_183748.jpg y C:\xampp\htdocs\safety_system\reports\47469940_yawn_20250510_183748.txt
2025-05-10 18:37:49,759 - MainSystem - INFO - Deteniendo sistema
2025-05-10 18:37:49,794 - CameraModule - INFO - Cámara liberada
