2025-05-13 03:14:20,515 - SafetySystem - INFO - Iniciando sistema de seguridad modular
2025-05-13 03:14:21,586 - AlarmModule - INFO - Módulo de audio inicializado
2025-05-13 03:14:21,610 - MainSystem - INFO - Sistema de seguridad iniciado
2025-05-13 03:14:21,610 - MainSystem - INFO - Inicializando módulos del sistema
2025-05-13 03:14:21,762 - CameraModule - INFO - Cámara inicializada: 640x480 @ 30fps
2025-05-13 03:14:21,762 - MainSystem - WARNING - No se pudieron cargar operadores
2025-05-13 03:14:22,651 - AlarmModule - INFO - Módulo de audio inicializado
2025-05-13 03:14:22,845 - MainSystem - ERROR - Error en bucle principal: local variable 'distraction' referenced before assignment
2025-05-13 03:14:23,028 - MainSystem - ERROR - Error en bucle principal: local variable 'distraction' referenced before assignment
2025-05-13 03:14:23,214 - MainSystem - ERROR - Error en bucle principal: local variable 'distraction' referenced before assignment
2025-05-13 03:14:23,396 - MainSystem - ERROR - Error en bucle principal: local variable 'distraction' referenced before assignment
2025-05-13 03:14:23,574 - MainSystem - ERROR - Error en bucle principal: local variable 'distraction' referenced before assignment
2025-05-13 03:14:23,749 - MainSystem - ERROR - Error en bucle principal: local variable 'distraction' referenced before assignment
2025-05-13 03:14:23,932 - MainSystem - ERROR - Error en bucle principal: local variable 'distraction' referenced before assignment
2025-05-13 03:14:24,112 - MainSystem - ERROR - Error en bucle principal: local variable 'distraction' referenced before assignment
2025-05-13 03:14:24,295 - MainSystem - ERROR - Error en bucle principal: local variable 'distraction' referenced before assignment
2025-05-13 03:14:24,478 - MainSystem - ERROR - Error en bucle principal: local variable 'distraction' referenced before assignment
2025-05-13 03:14:24,661 - MainSystem - ERROR - Error en bucle principal: local variable 'distraction' referenced before assignment
2025-05-13 03:14:24,846 - MainSystem - ERROR - Error en bucle principal: local variable 'distraction' referenced before assignment
2025-05-13 03:14:25,027 - MainSystem - ERROR - Error en bucle principal: local variable 'distraction' referenced before assignment
2025-05-13 03:14:25,209 - MainSystem - ERROR - Error en bucle principal: local variable 'distraction' referenced before assignment
2025-05-13 03:14:25,393 - MainSystem - ERROR - Error en bucle principal: local variable 'distraction' referenced before assignment
2025-05-13 03:14:25,577 - MainSystem - ERROR - Error en bucle principal: local variable 'distraction' referenced before assignment
2025-05-13 03:14:25,754 - MainSystem - ERROR - Error en bucle principal: local variable 'distraction' referenced before assignment
2025-05-13 03:14:25,936 - MainSystem - ERROR - Error en bucle principal: local variable 'distraction' referenced before assignment
2025-05-13 03:14:26,114 - MainSystem - ERROR - Error en bucle principal: local variable 'distraction' referenced before assignment
2025-05-13 03:14:26,298 - MainSystem - ERROR - Error en bucle principal: local variable 'distraction' referenced before assignment
2025-05-13 03:14:26,478 - MainSystem - ERROR - Error en bucle principal: local variable 'distraction' referenced before assignment
2025-05-13 03:14:26,662 - MainSystem - ERROR - Error en bucle principal: local variable 'distraction' referenced before assignment
2025-05-13 03:14:26,842 - MainSystem - ERROR - Error en bucle principal: local variable 'distraction' referenced before assignment
2025-05-13 03:14:27,020 - MainSystem - ERROR - Error en bucle principal: local variable 'distraction' referenced before assignment
2025-05-13 03:14:27,200 - MainSystem - ERROR - Error en bucle principal: local variable 'distraction' referenced before assignment
2025-05-13 03:14:27,383 - MainSystem - ERROR - Error en bucle principal: local variable 'distraction' referenced before assignment
2025-05-13 03:14:27,564 - MainSystem - ERROR - Error en bucle principal: local variable 'distraction' referenced before assignment
2025-05-13 03:14:27,744 - MainSystem - ERROR - Error en bucle principal: local variable 'distraction' referenced before assignment
2025-05-13 03:14:27,926 - MainSystem - ERROR - Error en bucle principal: local variable 'distraction' referenced before assignment
2025-05-13 03:14:28,107 - MainSystem - ERROR - Error en bucle principal: local variable 'distraction' referenced before assignment
2025-05-13 03:14:28,287 - MainSystem - ERROR - Error en bucle principal: local variable 'distraction' referenced before assignment
2025-05-13 03:14:28,473 - MainSystem - ERROR - Error en bucle principal: local variable 'distraction' referenced before assignment
2025-05-13 03:14:28,651 - MainSystem - ERROR - Error en bucle principal: local variable 'distraction' referenced before assignment
2025-05-13 03:14:28,833 - MainSystem - ERROR - Error en bucle principal: local variable 'distraction' referenced before assignment
2025-05-13 03:14:29,010 - MainSystem - ERROR - Error en bucle principal: local variable 'distraction' referenced before assignment
2025-05-13 03:14:29,192 - MainSystem - ERROR - Error en bucle principal: local variable 'distraction' referenced before assignment
2025-05-13 03:14:29,377 - MainSystem - ERROR - Error en bucle principal: local variable 'distraction' referenced before assignment
2025-05-13 03:14:29,559 - MainSystem - ERROR - Error en bucle principal: local variable 'distraction' referenced before assignment
2025-05-13 03:14:29,742 - MainSystem - ERROR - Error en bucle principal: local variable 'distraction' referenced before assignment
2025-05-13 03:14:29,925 - MainSystem - ERROR - Error en bucle principal: local variable 'distraction' referenced before assignment
2025-05-13 03:14:30,106 - MainSystem - ERROR - Error en bucle principal: local variable 'distraction' referenced before assignment
2025-05-13 03:14:30,284 - MainSystem - ERROR - Error en bucle principal: local variable 'distraction' referenced before assignment
2025-05-13 03:14:30,470 - MainSystem - ERROR - Error en bucle principal: local variable 'distraction' referenced before assignment
2025-05-13 03:14:30,651 - MainSystem - ERROR - Error en bucle principal: local variable 'distraction' referenced before assignment
2025-05-13 03:14:30,833 - MainSystem - ERROR - Error en bucle principal: local variable 'distraction' referenced before assignment
2025-05-13 03:14:31,011 - MainSystem - ERROR - Error en bucle principal: local variable 'distraction' referenced before assignment
2025-05-13 03:14:31,197 - MainSystem - ERROR - Error en bucle principal: local variable 'distraction' referenced before assignment
2025-05-13 03:14:31,380 - MainSystem - ERROR - Error en bucle principal: local variable 'distraction' referenced before assignment
2025-05-13 03:14:31,560 - MainSystem - ERROR - Error en bucle principal: local variable 'distraction' referenced before assignment
2025-05-13 03:14:31,740 - MainSystem - ERROR - Error en bucle principal: local variable 'distraction' referenced before assignment
2025-05-13 03:14:31,923 - MainSystem - ERROR - Error en bucle principal: local variable 'distraction' referenced before assignment
2025-05-13 03:14:32,106 - MainSystem - ERROR - Error en bucle principal: local variable 'distraction' referenced before assignment
2025-05-13 03:14:32,289 - MainSystem - ERROR - Error en bucle principal: local variable 'distraction' referenced before assignment
2025-05-13 03:14:32,468 - MainSystem - ERROR - Error en bucle principal: local variable 'distraction' referenced before assignment
2025-05-13 03:14:32,649 - MainSystem - ERROR - Error en bucle principal: local variable 'distraction' referenced before assignment
2025-05-13 03:14:32,834 - MainSystem - ERROR - Error en bucle principal: local variable 'distraction' referenced before assignment
2025-05-13 03:14:33,022 - MainSystem - ERROR - Error en bucle principal: local variable 'distraction' referenced before assignment
2025-05-13 03:14:33,209 - MainSystem - ERROR - Error en bucle principal: local variable 'distraction' referenced before assignment
2025-05-13 03:14:33,389 - MainSystem - ERROR - Error en bucle principal: local variable 'distraction' referenced before assignment
2025-05-13 03:14:33,573 - MainSystem - ERROR - Error en bucle principal: local variable 'distraction' referenced before assignment
2025-05-13 03:14:33,757 - MainSystem - ERROR - Error en bucle principal: local variable 'distraction' referenced before assignment
2025-05-13 03:14:33,942 - MainSystem - ERROR - Error en bucle principal: local variable 'distraction' referenced before assignment
2025-05-13 03:14:34,126 - MainSystem - ERROR - Error en bucle principal: local variable 'distraction' referenced before assignment
2025-05-13 03:14:34,304 - MainSystem - ERROR - Error en bucle principal: local variable 'distraction' referenced before assignment
2025-05-13 03:14:34,490 - MainSystem - ERROR - Error en bucle principal: local variable 'distraction' referenced before assignment
2025-05-13 03:14:34,670 - MainSystem - ERROR - Error en bucle principal: local variable 'distraction' referenced before assignment
2025-05-13 03:14:34,855 - MainSystem - ERROR - Error en bucle principal: local variable 'distraction' referenced before assignment
2025-05-13 03:14:35,039 - MainSystem - ERROR - Error en bucle principal: local variable 'distraction' referenced before assignment
2025-05-13 03:14:35,219 - MainSystem - ERROR - Error en bucle principal: local variable 'distraction' referenced before assignment
2025-05-13 03:14:35,398 - MainSystem - ERROR - Error en bucle principal: local variable 'distraction' referenced before assignment
2025-05-13 03:14:35,579 - MainSystem - ERROR - Error en bucle principal: local variable 'distraction' referenced before assignment
2025-05-13 03:14:35,760 - MainSystem - ERROR - Error en bucle principal: local variable 'distraction' referenced before assignment
2025-05-13 03:14:35,941 - MainSystem - ERROR - Error en bucle principal: local variable 'distraction' referenced before assignment
2025-05-13 03:14:36,123 - MainSystem - ERROR - Error en bucle principal: local variable 'distraction' referenced before assignment
2025-05-13 03:14:36,306 - MainSystem - ERROR - Error en bucle principal: local variable 'distraction' referenced before assignment
2025-05-13 03:14:36,488 - MainSystem - ERROR - Error en bucle principal: local variable 'distraction' referenced before assignment
2025-05-13 03:14:36,667 - MainSystem - ERROR - Error en bucle principal: local variable 'distraction' referenced before assignment
2025-05-13 03:14:36,847 - MainSystem - ERROR - Error en bucle principal: local variable 'distraction' referenced before assignment
2025-05-13 03:14:37,030 - MainSystem - ERROR - Error en bucle principal: local variable 'distraction' referenced before assignment
2025-05-13 03:14:37,215 - MainSystem - ERROR - Error en bucle principal: local variable 'distraction' referenced before assignment
2025-05-13 03:14:37,400 - MainSystem - ERROR - Error en bucle principal: local variable 'distraction' referenced before assignment
2025-05-13 03:14:37,583 - MainSystem - ERROR - Error en bucle principal: local variable 'distraction' referenced before assignment
2025-05-13 03:14:37,769 - MainSystem - ERROR - Error en bucle principal: local variable 'distraction' referenced before assignment
2025-05-13 03:14:37,954 - MainSystem - ERROR - Error en bucle principal: local variable 'distraction' referenced before assignment
2025-05-13 03:14:38,139 - MainSystem - ERROR - Error en bucle principal: local variable 'distraction' referenced before assignment
2025-05-13 03:14:38,322 - MainSystem - ERROR - Error en bucle principal: local variable 'distraction' referenced before assignment
2025-05-13 03:14:38,504 - MainSystem - ERROR - Error en bucle principal: local variable 'distraction' referenced before assignment
2025-05-13 03:14:38,686 - MainSystem - ERROR - Error en bucle principal: local variable 'distraction' referenced before assignment
2025-05-13 03:14:38,868 - MainSystem - ERROR - Error en bucle principal: local variable 'distraction' referenced before assignment
2025-05-13 03:14:39,049 - MainSystem - ERROR - Error en bucle principal: local variable 'distraction' referenced before assignment
2025-05-13 03:14:39,231 - MainSystem - ERROR - Error en bucle principal: local variable 'distraction' referenced before assignment
2025-05-13 03:14:39,415 - MainSystem - ERROR - Error en bucle principal: local variable 'distraction' referenced before assignment
2025-05-13 03:14:39,597 - MainSystem - ERROR - Error en bucle principal: local variable 'distraction' referenced before assignment
2025-05-13 03:14:39,779 - MainSystem - ERROR - Error en bucle principal: local variable 'distraction' referenced before assignment
2025-05-13 03:14:39,959 - MainSystem - ERROR - Error en bucle principal: local variable 'distraction' referenced before assignment
2025-05-13 03:14:40,140 - MainSystem - ERROR - Error en bucle principal: local variable 'distraction' referenced before assignment
2025-05-13 03:14:40,324 - MainSystem - ERROR - Error en bucle principal: local variable 'distraction' referenced before assignment
2025-05-13 03:14:40,512 - MainSystem - ERROR - Error en bucle principal: local variable 'distraction' referenced before assignment
2025-05-13 03:14:40,696 - MainSystem - ERROR - Error en bucle principal: local variable 'distraction' referenced before assignment
2025-05-13 03:14:40,880 - MainSystem - ERROR - Error en bucle principal: local variable 'distraction' referenced before assignment
2025-05-13 03:14:41,062 - MainSystem - ERROR - Error en bucle principal: local variable 'distraction' referenced before assignment
2025-05-13 03:14:41,246 - MainSystem - ERROR - Error en bucle principal: local variable 'distraction' referenced before assignment
2025-05-13 03:14:41,430 - MainSystem - ERROR - Error en bucle principal: local variable 'distraction' referenced before assignment
2025-05-13 03:14:41,610 - MainSystem - ERROR - Error en bucle principal: local variable 'distraction' referenced before assignment
2025-05-13 03:14:41,794 - MainSystem - ERROR - Error en bucle principal: local variable 'distraction' referenced before assignment
2025-05-13 03:14:41,976 - MainSystem - ERROR - Error en bucle principal: local variable 'distraction' referenced before assignment
2025-05-13 03:14:42,157 - MainSystem - ERROR - Error en bucle principal: local variable 'distraction' referenced before assignment
2025-05-13 03:14:42,344 - MainSystem - ERROR - Error en bucle principal: local variable 'distraction' referenced before assignment
2025-05-13 03:14:42,526 - MainSystem - ERROR - Error en bucle principal: local variable 'distraction' referenced before assignment
2025-05-13 03:14:42,709 - MainSystem - ERROR - Error en bucle principal: local variable 'distraction' referenced before assignment
2025-05-13 03:14:42,892 - MainSystem - ERROR - Error en bucle principal: local variable 'distraction' referenced before assignment
2025-05-13 03:14:43,080 - MainSystem - ERROR - Error en bucle principal: local variable 'distraction' referenced before assignment
2025-05-13 03:14:43,260 - MainSystem - ERROR - Error en bucle principal: local variable 'distraction' referenced before assignment
2025-05-13 03:14:43,445 - MainSystem - ERROR - Error en bucle principal: local variable 'distraction' referenced before assignment
2025-05-13 03:14:43,630 - MainSystem - ERROR - Error en bucle principal: local variable 'distraction' referenced before assignment
2025-05-13 03:14:43,808 - MainSystem - ERROR - Error en bucle principal: local variable 'distraction' referenced before assignment
2025-05-13 03:14:44,001 - MainSystem - ERROR - Error en bucle principal: local variable 'distraction' referenced before assignment
2025-05-13 03:14:44,181 - MainSystem - ERROR - Error en bucle principal: local variable 'distraction' referenced before assignment
2025-05-13 03:14:44,363 - MainSystem - ERROR - Error en bucle principal: local variable 'distraction' referenced before assignment
2025-05-13 03:14:44,546 - MainSystem - ERROR - Error en bucle principal: local variable 'distraction' referenced before assignment
2025-05-13 03:14:44,731 - MainSystem - ERROR - Error en bucle principal: local variable 'distraction' referenced before assignment
2025-05-13 03:14:44,918 - MainSystem - ERROR - Error en bucle principal: local variable 'distraction' referenced before assignment
2025-05-13 03:14:45,103 - MainSystem - ERROR - Error en bucle principal: local variable 'distraction' referenced before assignment
2025-05-13 03:14:45,283 - MainSystem - ERROR - Error en bucle principal: local variable 'distraction' referenced before assignment
2025-05-13 03:14:45,467 - MainSystem - ERROR - Error en bucle principal: local variable 'distraction' referenced before assignment
2025-05-13 03:14:45,651 - MainSystem - ERROR - Error en bucle principal: local variable 'distraction' referenced before assignment
2025-05-13 03:14:45,832 - MainSystem - ERROR - Error en bucle principal: local variable 'distraction' referenced before assignment
2025-05-13 03:14:46,010 - MainSystem - ERROR - Error en bucle principal: local variable 'distraction' referenced before assignment
2025-05-13 03:14:46,193 - MainSystem - ERROR - Error en bucle principal: local variable 'distraction' referenced before assignment
2025-05-13 03:14:46,373 - MainSystem - ERROR - Error en bucle principal: local variable 'distraction' referenced before assignment
2025-05-13 03:14:46,559 - MainSystem - ERROR - Error en bucle principal: local variable 'distraction' referenced before assignment
2025-05-13 03:14:46,740 - MainSystem - ERROR - Error en bucle principal: local variable 'distraction' referenced before assignment
2025-05-13 03:14:46,923 - MainSystem - ERROR - Error en bucle principal: local variable 'distraction' referenced before assignment
2025-05-13 03:14:47,106 - MainSystem - ERROR - Error en bucle principal: local variable 'distraction' referenced before assignment
2025-05-13 03:14:47,291 - MainSystem - ERROR - Error en bucle principal: local variable 'distraction' referenced before assignment
2025-05-13 03:14:47,527 - MainSystem - ERROR - Error en bucle principal: local variable 'distraction' referenced before assignment
2025-05-13 03:14:47,711 - MainSystem - ERROR - Error en bucle principal: local variable 'distraction' referenced before assignment
2025-05-13 03:14:47,894 - MainSystem - ERROR - Error en bucle principal: local variable 'distraction' referenced before assignment
2025-05-13 03:14:48,077 - MainSystem - ERROR - Error en bucle principal: local variable 'distraction' referenced before assignment
2025-05-13 03:14:48,260 - MainSystem - ERROR - Error en bucle principal: local variable 'distraction' referenced before assignment
2025-05-13 03:14:48,442 - MainSystem - ERROR - Error en bucle principal: local variable 'distraction' referenced before assignment
2025-05-13 03:14:48,624 - MainSystem - ERROR - Error en bucle principal: local variable 'distraction' referenced before assignment
2025-05-13 03:14:48,802 - MainSystem - ERROR - Error en bucle principal: local variable 'distraction' referenced before assignment
2025-05-13 03:14:48,983 - MainSystem - ERROR - Error en bucle principal: local variable 'distraction' referenced before assignment
2025-05-13 03:14:49,163 - MainSystem - ERROR - Error en bucle principal: local variable 'distraction' referenced before assignment
2025-05-13 03:19:52,954 - SafetySystem - INFO - Iniciando sistema de seguridad modular
2025-05-13 03:19:53,996 - AlarmModule - INFO - Módulo de audio inicializado
2025-05-13 03:19:54,013 - MainSystem - INFO - Sistema de seguridad iniciado
2025-05-13 03:19:54,013 - MainSystem - INFO - Inicializando módulos del sistema
2025-05-13 03:19:54,140 - CameraModule - INFO - Cámara inicializada: 640x480 @ 30fps
2025-05-13 03:19:54,140 - MainSystem - WARNING - No se pudieron cargar operadores
2025-05-13 03:19:55,028 - AlarmModule - INFO - Módulo de audio inicializado
2025-05-13 03:19:55,208 - MainSystem - ERROR - Error en bucle principal: local variable 'multiple_distractions' referenced before assignment
2025-05-13 03:19:55,392 - MainSystem - ERROR - Error en bucle principal: local variable 'multiple_distractions' referenced before assignment
2025-05-13 03:19:55,570 - MainSystem - ERROR - Error en bucle principal: local variable 'multiple_distractions' referenced before assignment
2025-05-13 03:19:55,752 - MainSystem - ERROR - Error en bucle principal: local variable 'multiple_distractions' referenced before assignment
2025-05-13 03:19:55,935 - MainSystem - ERROR - Error en bucle principal: local variable 'multiple_distractions' referenced before assignment
2025-05-13 03:19:56,118 - MainSystem - ERROR - Error en bucle principal: local variable 'multiple_distractions' referenced before assignment
2025-05-13 03:19:56,301 - MainSystem - ERROR - Error en bucle principal: local variable 'multiple_distractions' referenced before assignment
2025-05-13 03:19:56,480 - MainSystem - ERROR - Error en bucle principal: local variable 'multiple_distractions' referenced before assignment
2025-05-13 03:19:56,657 - MainSystem - ERROR - Error en bucle principal: local variable 'multiple_distractions' referenced before assignment
2025-05-13 03:19:56,835 - MainSystem - ERROR - Error en bucle principal: local variable 'multiple_distractions' referenced before assignment
2025-05-13 03:19:57,017 - MainSystem - ERROR - Error en bucle principal: local variable 'multiple_distractions' referenced before assignment
2025-05-13 03:19:57,197 - MainSystem - ERROR - Error en bucle principal: local variable 'multiple_distractions' referenced before assignment
2025-05-13 03:19:57,376 - MainSystem - ERROR - Error en bucle principal: local variable 'multiple_distractions' referenced before assignment
2025-05-13 03:19:57,555 - MainSystem - ERROR - Error en bucle principal: local variable 'multiple_distractions' referenced before assignment
2025-05-13 03:19:57,735 - MainSystem - ERROR - Error en bucle principal: local variable 'multiple_distractions' referenced before assignment
2025-05-13 03:19:57,919 - MainSystem - ERROR - Error en bucle principal: local variable 'multiple_distractions' referenced before assignment
2025-05-13 03:19:58,103 - MainSystem - ERROR - Error en bucle principal: local variable 'multiple_distractions' referenced before assignment
2025-05-13 03:19:58,285 - MainSystem - ERROR - Error en bucle principal: local variable 'multiple_distractions' referenced before assignment
2025-05-13 03:19:58,468 - MainSystem - ERROR - Error en bucle principal: local variable 'multiple_distractions' referenced before assignment
2025-05-13 03:19:58,657 - MainSystem - ERROR - Error en bucle principal: local variable 'multiple_distractions' referenced before assignment
2025-05-13 03:19:58,834 - MainSystem - ERROR - Error en bucle principal: local variable 'multiple_distractions' referenced before assignment
2025-05-13 03:19:59,018 - MainSystem - ERROR - Error en bucle principal: local variable 'multiple_distractions' referenced before assignment
2025-05-13 03:19:59,199 - MainSystem - ERROR - Error en bucle principal: local variable 'multiple_distractions' referenced before assignment
2025-05-13 03:19:59,384 - MainSystem - ERROR - Error en bucle principal: local variable 'multiple_distractions' referenced before assignment
2025-05-13 03:19:59,562 - MainSystem - ERROR - Error en bucle principal: local variable 'multiple_distractions' referenced before assignment
2025-05-13 03:19:59,743 - MainSystem - ERROR - Error en bucle principal: local variable 'multiple_distractions' referenced before assignment
2025-05-13 03:19:59,925 - MainSystem - ERROR - Error en bucle principal: local variable 'multiple_distractions' referenced before assignment
2025-05-13 03:20:00,104 - MainSystem - ERROR - Error en bucle principal: local variable 'multiple_distractions' referenced before assignment
2025-05-13 03:20:00,287 - MainSystem - ERROR - Error en bucle principal: local variable 'multiple_distractions' referenced before assignment
2025-05-13 03:20:00,471 - MainSystem - ERROR - Error en bucle principal: local variable 'multiple_distractions' referenced before assignment
2025-05-13 03:20:00,653 - MainSystem - ERROR - Error en bucle principal: local variable 'multiple_distractions' referenced before assignment
2025-05-13 03:20:00,834 - MainSystem - ERROR - Error en bucle principal: local variable 'multiple_distractions' referenced before assignment
2025-05-13 03:20:01,011 - MainSystem - ERROR - Error en bucle principal: local variable 'multiple_distractions' referenced before assignment
2025-05-13 03:20:01,195 - MainSystem - ERROR - Error en bucle principal: local variable 'multiple_distractions' referenced before assignment
2025-05-13 03:20:01,376 - MainSystem - ERROR - Error en bucle principal: local variable 'multiple_distractions' referenced before assignment
2025-05-13 03:20:01,559 - MainSystem - ERROR - Error en bucle principal: local variable 'multiple_distractions' referenced before assignment
2025-05-13 03:20:01,735 - MainSystem - ERROR - Error en bucle principal: local variable 'multiple_distractions' referenced before assignment
2025-05-13 03:20:01,916 - MainSystem - ERROR - Error en bucle principal: local variable 'multiple_distractions' referenced before assignment
2025-05-13 03:20:02,113 - MainSystem - ERROR - Error en bucle principal: local variable 'multiple_distractions' referenced before assignment
2025-05-13 03:20:02,297 - MainSystem - ERROR - Error en bucle principal: local variable 'multiple_distractions' referenced before assignment
2025-05-13 03:20:02,476 - MainSystem - ERROR - Error en bucle principal: local variable 'multiple_distractions' referenced before assignment
2025-05-13 03:20:02,656 - MainSystem - ERROR - Error en bucle principal: local variable 'multiple_distractions' referenced before assignment
2025-05-13 03:20:02,837 - MainSystem - ERROR - Error en bucle principal: local variable 'multiple_distractions' referenced before assignment
2025-05-13 03:20:03,018 - MainSystem - ERROR - Error en bucle principal: local variable 'multiple_distractions' referenced before assignment
2025-05-13 03:20:03,201 - MainSystem - ERROR - Error en bucle principal: local variable 'multiple_distractions' referenced before assignment
2025-05-13 03:20:03,377 - MainSystem - ERROR - Error en bucle principal: local variable 'multiple_distractions' referenced before assignment
2025-05-13 03:20:03,559 - MainSystem - ERROR - Error en bucle principal: local variable 'multiple_distractions' referenced before assignment
2025-05-13 03:20:03,738 - MainSystem - ERROR - Error en bucle principal: local variable 'multiple_distractions' referenced before assignment
2025-05-13 03:20:03,919 - MainSystem - ERROR - Error en bucle principal: local variable 'multiple_distractions' referenced before assignment
2025-05-13 03:20:04,102 - MainSystem - ERROR - Error en bucle principal: local variable 'multiple_distractions' referenced before assignment
2025-05-13 03:20:04,284 - MainSystem - ERROR - Error en bucle principal: local variable 'multiple_distractions' referenced before assignment
2025-05-13 03:20:04,467 - MainSystem - ERROR - Error en bucle principal: local variable 'multiple_distractions' referenced before assignment
2025-05-13 03:20:04,645 - MainSystem - ERROR - Error en bucle principal: local variable 'multiple_distractions' referenced before assignment
2025-05-13 03:20:04,829 - MainSystem - ERROR - Error en bucle principal: local variable 'multiple_distractions' referenced before assignment
2025-05-13 03:20:05,013 - MainSystem - ERROR - Error en bucle principal: local variable 'multiple_distractions' referenced before assignment
2025-05-13 03:20:05,202 - MainSystem - ERROR - Error en bucle principal: local variable 'multiple_distractions' referenced before assignment
2025-05-13 03:20:05,381 - MainSystem - ERROR - Error en bucle principal: local variable 'multiple_distractions' referenced before assignment
2025-05-13 03:20:05,561 - MainSystem - ERROR - Error en bucle principal: local variable 'multiple_distractions' referenced before assignment
2025-05-13 03:20:05,739 - MainSystem - ERROR - Error en bucle principal: local variable 'multiple_distractions' referenced before assignment
2025-05-13 03:20:05,922 - MainSystem - ERROR - Error en bucle principal: local variable 'multiple_distractions' referenced before assignment
2025-05-13 03:20:06,104 - MainSystem - ERROR - Error en bucle principal: local variable 'multiple_distractions' referenced before assignment
2025-05-13 03:20:06,285 - MainSystem - ERROR - Error en bucle principal: local variable 'multiple_distractions' referenced before assignment
2025-05-13 03:20:06,466 - MainSystem - ERROR - Error en bucle principal: local variable 'multiple_distractions' referenced before assignment
2025-05-13 03:20:06,645 - MainSystem - ERROR - Error en bucle principal: local variable 'multiple_distractions' referenced before assignment
2025-05-13 03:20:06,828 - MainSystem - ERROR - Error en bucle principal: local variable 'multiple_distractions' referenced before assignment
2025-05-13 03:20:07,012 - MainSystem - ERROR - Error en bucle principal: local variable 'multiple_distractions' referenced before assignment
2025-05-13 03:20:07,194 - MainSystem - ERROR - Error en bucle principal: local variable 'multiple_distractions' referenced before assignment
2025-05-13 03:20:07,380 - MainSystem - ERROR - Error en bucle principal: local variable 'multiple_distractions' referenced before assignment
2025-05-13 03:20:07,557 - MainSystem - ERROR - Error en bucle principal: local variable 'multiple_distractions' referenced before assignment
2025-05-13 03:20:07,737 - MainSystem - ERROR - Error en bucle principal: local variable 'multiple_distractions' referenced before assignment
2025-05-13 03:20:07,918 - MainSystem - ERROR - Error en bucle principal: local variable 'multiple_distractions' referenced before assignment
2025-05-13 03:20:08,101 - MainSystem - ERROR - Error en bucle principal: local variable 'multiple_distractions' referenced before assignment
2025-05-13 03:20:08,284 - MainSystem - ERROR - Error en bucle principal: local variable 'multiple_distractions' referenced before assignment
2025-05-13 03:20:08,468 - MainSystem - ERROR - Error en bucle principal: local variable 'multiple_distractions' referenced before assignment
2025-05-13 03:20:08,647 - MainSystem - ERROR - Error en bucle principal: local variable 'multiple_distractions' referenced before assignment
2025-05-13 03:20:08,828 - MainSystem - ERROR - Error en bucle principal: local variable 'multiple_distractions' referenced before assignment
2025-05-13 03:20:09,014 - MainSystem - ERROR - Error en bucle principal: local variable 'multiple_distractions' referenced before assignment
2025-05-13 03:20:09,196 - MainSystem - ERROR - Error en bucle principal: local variable 'multiple_distractions' referenced before assignment
2025-05-13 03:20:09,380 - MainSystem - ERROR - Error en bucle principal: local variable 'multiple_distractions' referenced before assignment
2025-05-13 03:20:09,563 - MainSystem - ERROR - Error en bucle principal: local variable 'multiple_distractions' referenced before assignment
2025-05-13 03:20:09,739 - MainSystem - ERROR - Error en bucle principal: local variable 'multiple_distractions' referenced before assignment
2025-05-13 03:20:09,923 - MainSystem - ERROR - Error en bucle principal: local variable 'multiple_distractions' referenced before assignment
2025-05-13 03:20:10,104 - MainSystem - ERROR - Error en bucle principal: local variable 'multiple_distractions' referenced before assignment
2025-05-13 03:20:10,285 - MainSystem - ERROR - Error en bucle principal: local variable 'multiple_distractions' referenced before assignment
2025-05-13 03:20:10,467 - MainSystem - ERROR - Error en bucle principal: local variable 'multiple_distractions' referenced before assignment
2025-05-13 03:20:10,650 - MainSystem - ERROR - Error en bucle principal: local variable 'multiple_distractions' referenced before assignment
2025-05-13 03:20:10,855 - MainSystem - ERROR - Error en bucle principal: local variable 'multiple_distractions' referenced before assignment
2025-05-13 03:20:11,042 - MainSystem - ERROR - Error en bucle principal: local variable 'multiple_distractions' referenced before assignment
2025-05-13 03:20:11,225 - MainSystem - ERROR - Error en bucle principal: local variable 'multiple_distractions' referenced before assignment
2025-05-13 03:20:11,413 - MainSystem - ERROR - Error en bucle principal: local variable 'multiple_distractions' referenced before assignment
2025-05-13 03:20:11,594 - MainSystem - ERROR - Error en bucle principal: local variable 'multiple_distractions' referenced before assignment
2025-05-13 03:20:11,785 - MainSystem - ERROR - Error en bucle principal: local variable 'multiple_distractions' referenced before assignment
2025-05-13 03:20:11,971 - MainSystem - ERROR - Error en bucle principal: local variable 'multiple_distractions' referenced before assignment
2025-05-13 03:20:12,151 - MainSystem - ERROR - Error en bucle principal: local variable 'multiple_distractions' referenced before assignment
2025-05-13 03:20:12,335 - MainSystem - ERROR - Error en bucle principal: local variable 'multiple_distractions' referenced before assignment
2025-05-13 03:20:12,516 - MainSystem - ERROR - Error en bucle principal: local variable 'multiple_distractions' referenced before assignment
2025-05-13 03:20:12,700 - MainSystem - ERROR - Error en bucle principal: local variable 'multiple_distractions' referenced before assignment
2025-05-13 03:20:12,883 - MainSystem - ERROR - Error en bucle principal: local variable 'multiple_distractions' referenced before assignment
2025-05-13 03:20:13,068 - MainSystem - ERROR - Error en bucle principal: local variable 'multiple_distractions' referenced before assignment
2025-05-13 03:20:13,247 - MainSystem - ERROR - Error en bucle principal: local variable 'multiple_distractions' referenced before assignment
2025-05-13 03:20:13,427 - MainSystem - ERROR - Error en bucle principal: local variable 'multiple_distractions' referenced before assignment
2025-05-13 03:20:13,608 - MainSystem - ERROR - Error en bucle principal: local variable 'multiple_distractions' referenced before assignment
2025-05-13 03:20:13,792 - MainSystem - ERROR - Error en bucle principal: local variable 'multiple_distractions' referenced before assignment
2025-05-13 03:20:13,975 - MainSystem - ERROR - Error en bucle principal: local variable 'multiple_distractions' referenced before assignment
2025-05-13 03:20:14,154 - MainSystem - ERROR - Error en bucle principal: local variable 'multiple_distractions' referenced before assignment
2025-05-13 03:20:14,335 - MainSystem - ERROR - Error en bucle principal: local variable 'multiple_distractions' referenced before assignment
2025-05-13 03:20:14,517 - MainSystem - ERROR - Error en bucle principal: local variable 'multiple_distractions' referenced before assignment
2025-05-13 03:20:14,701 - MainSystem - ERROR - Error en bucle principal: local variable 'multiple_distractions' referenced before assignment
2025-05-13 03:20:14,883 - MainSystem - ERROR - Error en bucle principal: local variable 'multiple_distractions' referenced before assignment
2025-05-13 03:20:15,067 - MainSystem - ERROR - Error en bucle principal: local variable 'multiple_distractions' referenced before assignment
2025-05-13 03:20:15,250 - MainSystem - ERROR - Error en bucle principal: local variable 'multiple_distractions' referenced before assignment
2025-05-13 03:20:15,433 - MainSystem - ERROR - Error en bucle principal: local variable 'multiple_distractions' referenced before assignment
2025-05-13 03:20:15,611 - MainSystem - ERROR - Error en bucle principal: local variable 'multiple_distractions' referenced before assignment
2025-05-13 03:20:15,795 - MainSystem - ERROR - Error en bucle principal: local variable 'multiple_distractions' referenced before assignment
2025-05-13 03:20:15,977 - MainSystem - ERROR - Error en bucle principal: local variable 'multiple_distractions' referenced before assignment
2025-05-13 03:20:16,163 - MainSystem - ERROR - Error en bucle principal: local variable 'multiple_distractions' referenced before assignment
2025-05-13 03:20:16,348 - MainSystem - ERROR - Error en bucle principal: local variable 'multiple_distractions' referenced before assignment
2025-05-13 03:20:16,532 - MainSystem - ERROR - Error en bucle principal: local variable 'multiple_distractions' referenced before assignment
2025-05-13 03:20:16,710 - MainSystem - ERROR - Error en bucle principal: local variable 'multiple_distractions' referenced before assignment
2025-05-13 03:20:16,888 - MainSystem - ERROR - Error en bucle principal: local variable 'multiple_distractions' referenced before assignment
2025-05-13 03:20:17,068 - MainSystem - ERROR - Error en bucle principal: local variable 'multiple_distractions' referenced before assignment
2025-05-13 03:20:17,250 - MainSystem - ERROR - Error en bucle principal: local variable 'multiple_distractions' referenced before assignment
2025-05-13 03:20:17,432 - MainSystem - ERROR - Error en bucle principal: local variable 'multiple_distractions' referenced before assignment
2025-05-13 03:20:17,608 - MainSystem - ERROR - Error en bucle principal: local variable 'multiple_distractions' referenced before assignment
2025-05-13 03:20:17,791 - MainSystem - ERROR - Error en bucle principal: local variable 'multiple_distractions' referenced before assignment
2025-05-13 03:20:17,973 - MainSystem - ERROR - Error en bucle principal: local variable 'multiple_distractions' referenced before assignment
2025-05-13 03:20:18,165 - MainSystem - ERROR - Error en bucle principal: local variable 'multiple_distractions' referenced before assignment
2025-05-13 03:20:18,345 - MainSystem - ERROR - Error en bucle principal: local variable 'multiple_distractions' referenced before assignment
2025-05-13 03:20:18,524 - MainSystem - ERROR - Error en bucle principal: local variable 'multiple_distractions' referenced before assignment
2025-05-13 03:20:18,710 - MainSystem - ERROR - Error en bucle principal: local variable 'multiple_distractions' referenced before assignment
2025-05-13 03:20:18,896 - MainSystem - ERROR - Error en bucle principal: local variable 'multiple_distractions' referenced before assignment
2025-05-13 03:20:19,080 - MainSystem - ERROR - Error en bucle principal: local variable 'multiple_distractions' referenced before assignment
2025-05-13 03:20:19,259 - MainSystem - ERROR - Error en bucle principal: local variable 'multiple_distractions' referenced before assignment
2025-05-13 03:20:19,445 - MainSystem - ERROR - Error en bucle principal: local variable 'multiple_distractions' referenced before assignment
2025-05-13 03:20:19,624 - MainSystem - ERROR - Error en bucle principal: local variable 'multiple_distractions' referenced before assignment
2025-05-13 03:20:19,808 - MainSystem - ERROR - Error en bucle principal: local variable 'multiple_distractions' referenced before assignment
2025-05-13 03:20:19,991 - MainSystem - ERROR - Error en bucle principal: local variable 'multiple_distractions' referenced before assignment
2025-05-13 03:20:20,174 - MainSystem - ERROR - Error en bucle principal: local variable 'multiple_distractions' referenced before assignment
2025-05-13 03:20:20,358 - MainSystem - ERROR - Error en bucle principal: local variable 'multiple_distractions' referenced before assignment
2025-05-13 03:20:20,543 - MainSystem - ERROR - Error en bucle principal: local variable 'multiple_distractions' referenced before assignment
2025-05-13 03:20:20,722 - MainSystem - ERROR - Error en bucle principal: local variable 'multiple_distractions' referenced before assignment
2025-05-13 03:20:20,906 - MainSystem - ERROR - Error en bucle principal: local variable 'multiple_distractions' referenced before assignment
2025-05-13 03:20:21,088 - MainSystem - ERROR - Error en bucle principal: local variable 'multiple_distractions' referenced before assignment
2025-05-13 03:20:21,268 - MainSystem - ERROR - Error en bucle principal: local variable 'multiple_distractions' referenced before assignment
2025-05-13 03:20:21,449 - MainSystem - ERROR - Error en bucle principal: local variable 'multiple_distractions' referenced before assignment
2025-05-13 03:20:21,632 - MainSystem - ERROR - Error en bucle principal: local variable 'multiple_distractions' referenced before assignment
2025-05-13 03:20:21,813 - MainSystem - ERROR - Error en bucle principal: local variable 'multiple_distractions' referenced before assignment
2025-05-13 03:20:21,992 - MainSystem - ERROR - Error en bucle principal: local variable 'multiple_distractions' referenced before assignment
2025-05-13 03:20:22,175 - MainSystem - ERROR - Error en bucle principal: local variable 'multiple_distractions' referenced before assignment
2025-05-13 03:20:22,357 - MainSystem - ERROR - Error en bucle principal: local variable 'multiple_distractions' referenced before assignment
2025-05-13 03:20:22,549 - MainSystem - ERROR - Error en bucle principal: local variable 'multiple_distractions' referenced before assignment
2025-05-13 03:20:22,730 - MainSystem - ERROR - Error en bucle principal: local variable 'multiple_distractions' referenced before assignment
2025-05-13 03:20:22,909 - MainSystem - ERROR - Error en bucle principal: local variable 'multiple_distractions' referenced before assignment
2025-05-13 03:20:23,092 - MainSystem - ERROR - Error en bucle principal: local variable 'multiple_distractions' referenced before assignment
2025-05-13 03:20:23,274 - MainSystem - ERROR - Error en bucle principal: local variable 'multiple_distractions' referenced before assignment
2025-05-13 03:20:23,459 - MainSystem - ERROR - Error en bucle principal: local variable 'multiple_distractions' referenced before assignment
2025-05-13 03:20:23,647 - MainSystem - ERROR - Error en bucle principal: local variable 'multiple_distractions' referenced before assignment
2025-05-13 03:20:23,829 - MainSystem - ERROR - Error en bucle principal: local variable 'multiple_distractions' referenced before assignment
2025-05-13 03:20:24,008 - MainSystem - ERROR - Error en bucle principal: local variable 'multiple_distractions' referenced before assignment
2025-05-13 03:20:24,189 - MainSystem - ERROR - Error en bucle principal: local variable 'multiple_distractions' referenced before assignment
2025-05-13 03:20:24,371 - MainSystem - ERROR - Error en bucle principal: local variable 'multiple_distractions' referenced before assignment
2025-05-13 03:20:24,549 - MainSystem - ERROR - Error en bucle principal: local variable 'multiple_distractions' referenced before assignment
2025-05-13 03:20:24,733 - MainSystem - ERROR - Error en bucle principal: local variable 'multiple_distractions' referenced before assignment
2025-05-13 03:21:36,609 - SafetySystem - INFO - Iniciando sistema de seguridad modular
2025-05-13 03:21:37,654 - AlarmModule - INFO - Módulo de audio inicializado
2025-05-13 03:21:37,672 - MainSystem - INFO - Sistema de seguridad iniciado
2025-05-13 03:21:37,672 - MainSystem - INFO - Inicializando módulos del sistema
2025-05-13 03:21:37,795 - CameraModule - INFO - Cámara inicializada: 640x480 @ 30fps
2025-05-13 03:21:37,795 - MainSystem - WARNING - No se pudieron cargar operadores
2025-05-13 03:21:38,680 - AlarmModule - INFO - Módulo de audio inicializado
2025-05-13 03:22:53,911 - SafetySystem - INFO - Iniciando sistema de seguridad modular
2025-05-13 03:22:54,960 - AlarmModule - INFO - Módulo de audio inicializado
2025-05-13 03:22:54,978 - MainSystem - INFO - Sistema de seguridad iniciado
2025-05-13 03:22:54,978 - MainSystem - INFO - Inicializando módulos del sistema
2025-05-13 03:22:55,098 - CameraModule - INFO - Cámara inicializada: 640x480 @ 30fps
2025-05-13 03:22:55,098 - MainSystem - WARNING - No se pudieron cargar operadores
2025-05-13 03:22:55,965 - AlarmModule - INFO - Módulo de audio inicializado
2025-05-13 03:23:51,526 - MainSystem - INFO - Deteniendo sistema
2025-05-13 03:23:51,564 - CameraModule - INFO - Cámara liberada
2025-05-13 03:25:00,941 - SafetySystem - INFO - Iniciando sistema de seguridad modular
2025-05-13 03:25:01,998 - AlarmModule - INFO - Módulo de audio inicializado
2025-05-13 03:25:02,014 - MainSystem - INFO - Sistema de seguridad iniciado
2025-05-13 03:25:02,014 - MainSystem - INFO - Inicializando módulos del sistema
2025-05-13 03:25:02,139 - CameraModule - INFO - Cámara inicializada: 640x480 @ 30fps
2025-05-13 03:25:02,139 - MainSystem - WARNING - No se pudieron cargar operadores
2025-05-13 03:25:03,031 - AlarmModule - INFO - Módulo de audio inicializado
2025-05-13 03:25:13,610 - MainSystem - INFO - Deteniendo sistema
2025-05-13 03:25:13,631 - CameraModule - INFO - Cámara liberada
2025-05-13 03:29:23,974 - SafetySystem - INFO - Iniciando sistema de seguridad modular
2025-05-13 03:29:25,019 - AlarmModule - INFO - Módulo de audio inicializado
2025-05-13 03:29:25,036 - MainSystem - INFO - Sistema de seguridad iniciado
2025-05-13 03:29:25,036 - MainSystem - INFO - Inicializando módulos del sistema
2025-05-13 03:29:25,162 - CameraModule - INFO - Cámara inicializada: 640x480 @ 30fps
2025-05-13 03:29:25,163 - MainSystem - WARNING - No se pudieron cargar operadores
2025-05-13 03:29:26,040 - AlarmModule - INFO - Módulo de audio inicializado
2025-05-13 03:30:44,213 - MainSystem - INFO - Deteniendo sistema
2025-05-13 03:30:44,239 - CameraModule - INFO - Cámara liberada
2025-05-13 03:31:55,615 - SafetySystem - INFO - Iniciando sistema de seguridad modular
2025-05-13 03:31:56,650 - AlarmModule - INFO - Módulo de audio inicializado
2025-05-13 03:31:56,670 - MainSystem - INFO - Sistema de seguridad iniciado
2025-05-13 03:31:56,670 - MainSystem - INFO - Inicializando módulos del sistema
2025-05-13 03:31:56,811 - CameraModule - INFO - Cámara inicializada: 640x480 @ 30fps
2025-05-13 03:31:56,811 - MainSystem - WARNING - No se pudieron cargar operadores
2025-05-13 03:31:57,682 - AlarmModule - INFO - Módulo de audio inicializado
2025-05-13 03:32:18,472 - MainSystem - INFO - Deteniendo sistema
2025-05-13 03:32:18,482 - CameraModule - INFO - Cámara liberada
2025-05-13 03:32:34,422 - SafetySystem - INFO - Iniciando sistema de seguridad modular
2025-05-13 03:32:35,468 - AlarmModule - INFO - Módulo de audio inicializado
2025-05-13 03:32:35,486 - MainSystem - INFO - Sistema de seguridad iniciado
2025-05-13 03:32:35,487 - MainSystem - INFO - Inicializando módulos del sistema
2025-05-13 03:32:35,608 - CameraModule - INFO - Cámara inicializada: 640x480 @ 30fps
2025-05-13 03:32:35,609 - FaceRecognitionModule - INFO - Operadores cargados: 1
2025-05-13 03:32:36,484 - AlarmModule - INFO - Módulo de audio inicializado
2025-05-13 03:32:36,866 - MainSystem - INFO - Operador reconocido: Operador: Nilson Cayao (ID: 47469940)
2025-05-13 03:32:36,867 - AlarmModule - INFO - Reproduciendo audio: C:\xampp\htdocs\safety_system\audio\alarma.mp3
2025-05-13 03:32:38,384 - BehaviorDetectionModule - INFO - 'cigarette' no está en COCO, usando 'bottle' como sustituto
2025-05-13 03:32:39,007 - BehaviorDetectionModule - INFO - Modelo YOLO cargado correctamente
2025-05-13 03:32:48,246 - MainSystem - WARNING - Fatiga detectada para operador Operador: Nilson Cayao
2025-05-13 03:32:48,246 - AlarmModule - INFO - Reproduciendo audio: C:\xampp\htdocs\safety_system\audio\alarma.mp3
2025-05-13 03:32:48,260 - SafetySystem - INFO - Reporte generado: C:\xampp\htdocs\safety_system\reports\47469940_fatigue_20250513_033248.jpg y C:\xampp\htdocs\safety_system\reports\47469940_fatigue_20250513_033248.txt
2025-05-13 03:32:57,263 - MainSystem - INFO - Deteniendo sistema
2025-05-13 03:32:57,282 - CameraModule - INFO - Cámara liberada
2025-05-13 03:35:13,844 - SafetySystem - INFO - Iniciando sistema de seguridad modular
2025-05-13 03:35:14,951 - AlarmModule - INFO - Módulo de audio inicializado
2025-05-13 03:35:14,969 - MainSystem - INFO - Sistema de seguridad iniciado
2025-05-13 03:35:14,970 - MainSystem - INFO - Inicializando módulos del sistema
2025-05-13 03:35:15,089 - CameraModule - INFO - Cámara inicializada: 640x480 @ 30fps
2025-05-13 03:35:15,090 - FaceRecognitionModule - INFO - Operadores cargados: 1
2025-05-13 03:35:15,968 - AlarmModule - INFO - Módulo de audio inicializado
2025-05-13 03:35:16,343 - MainSystem - INFO - Operador reconocido: Operador: Nilson Cayao (ID: 47469940)
2025-05-13 03:35:16,344 - AlarmModule - INFO - Reproduciendo audio: C:\xampp\htdocs\safety_system\audio\alarma.mp3
2025-05-13 03:35:16,750 - MainSystem - ERROR - Error en bucle principal: OpenCV(4.11.0) D:\a\opencv-python\opencv-python\opencv\modules\imgproc\src\color.cpp:199: error: (-215:Assertion failed) !_src.empty() in function 'cv::cvtColor'

2025-05-13 03:35:17,248 - MainSystem - ERROR - Error en bucle principal: OpenCV(4.11.0) D:\a\opencv-python\opencv-python\opencv\modules\imgproc\src\color.cpp:199: error: (-215:Assertion failed) !_src.empty() in function 'cv::cvtColor'

2025-05-13 03:35:17,744 - MainSystem - ERROR - Error en bucle principal: OpenCV(4.11.0) D:\a\opencv-python\opencv-python\opencv\modules\imgproc\src\color.cpp:199: error: (-215:Assertion failed) !_src.empty() in function 'cv::cvtColor'

2025-05-13 03:35:18,257 - MainSystem - ERROR - Error en bucle principal: OpenCV(4.11.0) D:\a\opencv-python\opencv-python\opencv\modules\imgproc\src\color.cpp:199: error: (-215:Assertion failed) !_src.empty() in function 'cv::cvtColor'

2025-05-13 03:35:18,760 - MainSystem - ERROR - Error en bucle principal: OpenCV(4.11.0) D:\a\opencv-python\opencv-python\opencv\modules\imgproc\src\color.cpp:199: error: (-215:Assertion failed) !_src.empty() in function 'cv::cvtColor'

2025-05-13 03:35:19,259 - MainSystem - ERROR - Error en bucle principal: OpenCV(4.11.0) D:\a\opencv-python\opencv-python\opencv\modules\imgproc\src\color.cpp:199: error: (-215:Assertion failed) !_src.empty() in function 'cv::cvtColor'

2025-05-13 03:35:19,755 - MainSystem - ERROR - Error en bucle principal: OpenCV(4.11.0) D:\a\opencv-python\opencv-python\opencv\modules\imgproc\src\color.cpp:199: error: (-215:Assertion failed) !_src.empty() in function 'cv::cvtColor'

2025-05-13 03:35:20,255 - MainSystem - ERROR - Error en bucle principal: OpenCV(4.11.0) D:\a\opencv-python\opencv-python\opencv\modules\imgproc\src\color.cpp:199: error: (-215:Assertion failed) !_src.empty() in function 'cv::cvtColor'

2025-05-13 03:35:20,753 - MainSystem - ERROR - Error en bucle principal: OpenCV(4.11.0) D:\a\opencv-python\opencv-python\opencv\modules\imgproc\src\color.cpp:199: error: (-215:Assertion failed) !_src.empty() in function 'cv::cvtColor'

2025-05-13 03:35:21,264 - MainSystem - ERROR - Error en bucle principal: OpenCV(4.11.0) D:\a\opencv-python\opencv-python\opencv\modules\imgproc\src\color.cpp:199: error: (-215:Assertion failed) !_src.empty() in function 'cv::cvtColor'

2025-05-13 03:35:21,759 - MainSystem - ERROR - Error en bucle principal: OpenCV(4.11.0) D:\a\opencv-python\opencv-python\opencv\modules\imgproc\src\color.cpp:199: error: (-215:Assertion failed) !_src.empty() in function 'cv::cvtColor'

2025-05-13 03:35:22,260 - MainSystem - ERROR - Error en bucle principal: OpenCV(4.11.0) D:\a\opencv-python\opencv-python\opencv\modules\imgproc\src\color.cpp:199: error: (-215:Assertion failed) !_src.empty() in function 'cv::cvtColor'

2025-05-13 03:35:22,765 - MainSystem - ERROR - Error en bucle principal: OpenCV(4.11.0) D:\a\opencv-python\opencv-python\opencv\modules\imgproc\src\color.cpp:199: error: (-215:Assertion failed) !_src.empty() in function 'cv::cvtColor'

2025-05-13 03:35:23,266 - MainSystem - ERROR - Error en bucle principal: OpenCV(4.11.0) D:\a\opencv-python\opencv-python\opencv\modules\imgproc\src\color.cpp:199: error: (-215:Assertion failed) !_src.empty() in function 'cv::cvtColor'

2025-05-13 03:35:23,764 - MainSystem - ERROR - Error en bucle principal: OpenCV(4.11.0) D:\a\opencv-python\opencv-python\opencv\modules\imgproc\src\color.cpp:199: error: (-215:Assertion failed) !_src.empty() in function 'cv::cvtColor'

2025-05-13 03:35:24,268 - MainSystem - ERROR - Error en bucle principal: OpenCV(4.11.0) D:\a\opencv-python\opencv-python\opencv\modules\imgproc\src\color.cpp:199: error: (-215:Assertion failed) !_src.empty() in function 'cv::cvtColor'

2025-05-13 03:35:24,784 - MainSystem - ERROR - Error en bucle principal: OpenCV(4.11.0) D:\a\opencv-python\opencv-python\opencv\modules\imgproc\src\color.cpp:199: error: (-215:Assertion failed) !_src.empty() in function 'cv::cvtColor'

2025-05-13 03:35:25,291 - MainSystem - ERROR - Error en bucle principal: OpenCV(4.11.0) D:\a\opencv-python\opencv-python\opencv\modules\imgproc\src\color.cpp:199: error: (-215:Assertion failed) !_src.empty() in function 'cv::cvtColor'

2025-05-13 03:35:25,799 - MainSystem - ERROR - Error en bucle principal: OpenCV(4.11.0) D:\a\opencv-python\opencv-python\opencv\modules\imgproc\src\color.cpp:199: error: (-215:Assertion failed) !_src.empty() in function 'cv::cvtColor'

2025-05-13 03:35:26,304 - MainSystem - ERROR - Error en bucle principal: OpenCV(4.11.0) D:\a\opencv-python\opencv-python\opencv\modules\imgproc\src\color.cpp:199: error: (-215:Assertion failed) !_src.empty() in function 'cv::cvtColor'

2025-05-13 03:35:26,804 - MainSystem - ERROR - Error en bucle principal: OpenCV(4.11.0) D:\a\opencv-python\opencv-python\opencv\modules\imgproc\src\color.cpp:199: error: (-215:Assertion failed) !_src.empty() in function 'cv::cvtColor'

2025-05-13 03:35:27,307 - MainSystem - ERROR - Error en bucle principal: OpenCV(4.11.0) D:\a\opencv-python\opencv-python\opencv\modules\imgproc\src\color.cpp:199: error: (-215:Assertion failed) !_src.empty() in function 'cv::cvtColor'

2025-05-13 03:35:27,819 - MainSystem - ERROR - Error en bucle principal: OpenCV(4.11.0) D:\a\opencv-python\opencv-python\opencv\modules\imgproc\src\color.cpp:199: error: (-215:Assertion failed) !_src.empty() in function 'cv::cvtColor'

2025-05-13 03:35:28,320 - MainSystem - ERROR - Error en bucle principal: OpenCV(4.11.0) D:\a\opencv-python\opencv-python\opencv\modules\imgproc\src\color.cpp:199: error: (-215:Assertion failed) !_src.empty() in function 'cv::cvtColor'

2025-05-13 03:35:28,827 - MainSystem - ERROR - Error en bucle principal: OpenCV(4.11.0) D:\a\opencv-python\opencv-python\opencv\modules\imgproc\src\color.cpp:199: error: (-215:Assertion failed) !_src.empty() in function 'cv::cvtColor'

2025-05-13 03:35:29,327 - MainSystem - ERROR - Error en bucle principal: OpenCV(4.11.0) D:\a\opencv-python\opencv-python\opencv\modules\imgproc\src\color.cpp:199: error: (-215:Assertion failed) !_src.empty() in function 'cv::cvtColor'

2025-05-13 03:35:29,827 - MainSystem - ERROR - Error en bucle principal: OpenCV(4.11.0) D:\a\opencv-python\opencv-python\opencv\modules\imgproc\src\color.cpp:199: error: (-215:Assertion failed) !_src.empty() in function 'cv::cvtColor'

2025-05-13 03:35:30,331 - MainSystem - ERROR - Error en bucle principal: OpenCV(4.11.0) D:\a\opencv-python\opencv-python\opencv\modules\imgproc\src\color.cpp:199: error: (-215:Assertion failed) !_src.empty() in function 'cv::cvtColor'

2025-05-13 03:35:30,834 - MainSystem - ERROR - Error en bucle principal: OpenCV(4.11.0) D:\a\opencv-python\opencv-python\opencv\modules\imgproc\src\color.cpp:199: error: (-215:Assertion failed) !_src.empty() in function 'cv::cvtColor'

2025-05-13 03:35:31,348 - MainSystem - ERROR - Error en bucle principal: OpenCV(4.11.0) D:\a\opencv-python\opencv-python\opencv\modules\imgproc\src\color.cpp:199: error: (-215:Assertion failed) !_src.empty() in function 'cv::cvtColor'

2025-05-13 03:35:31,856 - MainSystem - ERROR - Error en bucle principal: OpenCV(4.11.0) D:\a\opencv-python\opencv-python\opencv\modules\imgproc\src\color.cpp:199: error: (-215:Assertion failed) !_src.empty() in function 'cv::cvtColor'

2025-05-13 03:35:32,357 - MainSystem - ERROR - Error en bucle principal: OpenCV(4.11.0) D:\a\opencv-python\opencv-python\opencv\modules\imgproc\src\color.cpp:199: error: (-215:Assertion failed) !_src.empty() in function 'cv::cvtColor'

2025-05-13 03:35:32,863 - MainSystem - ERROR - Error en bucle principal: OpenCV(4.11.0) D:\a\opencv-python\opencv-python\opencv\modules\imgproc\src\color.cpp:199: error: (-215:Assertion failed) !_src.empty() in function 'cv::cvtColor'

2025-05-13 03:35:33,368 - MainSystem - ERROR - Error en bucle principal: OpenCV(4.11.0) D:\a\opencv-python\opencv-python\opencv\modules\imgproc\src\color.cpp:199: error: (-215:Assertion failed) !_src.empty() in function 'cv::cvtColor'

2025-05-13 03:35:33,871 - MainSystem - ERROR - Error en bucle principal: OpenCV(4.11.0) D:\a\opencv-python\opencv-python\opencv\modules\imgproc\src\color.cpp:199: error: (-215:Assertion failed) !_src.empty() in function 'cv::cvtColor'

2025-05-13 03:35:34,396 - MainSystem - ERROR - Error en bucle principal: OpenCV(4.11.0) D:\a\opencv-python\opencv-python\opencv\modules\imgproc\src\color.cpp:199: error: (-215:Assertion failed) !_src.empty() in function 'cv::cvtColor'

2025-05-13 03:35:34,899 - MainSystem - ERROR - Error en bucle principal: OpenCV(4.11.0) D:\a\opencv-python\opencv-python\opencv\modules\imgproc\src\color.cpp:199: error: (-215:Assertion failed) !_src.empty() in function 'cv::cvtColor'

2025-05-13 03:35:35,696 - MainSystem - ERROR - Error en bucle principal: OpenCV(4.11.0) D:\a\opencv-python\opencv-python\opencv\modules\imgproc\src\color.cpp:199: error: (-215:Assertion failed) !_src.empty() in function 'cv::cvtColor'

2025-05-13 03:35:36,209 - MainSystem - ERROR - Error en bucle principal: OpenCV(4.11.0) D:\a\opencv-python\opencv-python\opencv\modules\imgproc\src\color.cpp:199: error: (-215:Assertion failed) !_src.empty() in function 'cv::cvtColor'

2025-05-13 03:35:36,716 - MainSystem - ERROR - Error en bucle principal: OpenCV(4.11.0) D:\a\opencv-python\opencv-python\opencv\modules\imgproc\src\color.cpp:199: error: (-215:Assertion failed) !_src.empty() in function 'cv::cvtColor'

2025-05-13 03:35:37,226 - MainSystem - ERROR - Error en bucle principal: OpenCV(4.11.0) D:\a\opencv-python\opencv-python\opencv\modules\imgproc\src\color.cpp:199: error: (-215:Assertion failed) !_src.empty() in function 'cv::cvtColor'

2025-05-13 03:35:37,746 - MainSystem - ERROR - Error en bucle principal: OpenCV(4.11.0) D:\a\opencv-python\opencv-python\opencv\modules\imgproc\src\color.cpp:199: error: (-215:Assertion failed) !_src.empty() in function 'cv::cvtColor'

2025-05-13 03:35:38,254 - MainSystem - ERROR - Error en bucle principal: OpenCV(4.11.0) D:\a\opencv-python\opencv-python\opencv\modules\imgproc\src\color.cpp:199: error: (-215:Assertion failed) !_src.empty() in function 'cv::cvtColor'

2025-05-13 03:35:38,764 - MainSystem - ERROR - Error en bucle principal: OpenCV(4.11.0) D:\a\opencv-python\opencv-python\opencv\modules\imgproc\src\color.cpp:199: error: (-215:Assertion failed) !_src.empty() in function 'cv::cvtColor'

2025-05-13 03:35:39,274 - MainSystem - ERROR - Error en bucle principal: OpenCV(4.11.0) D:\a\opencv-python\opencv-python\opencv\modules\imgproc\src\color.cpp:199: error: (-215:Assertion failed) !_src.empty() in function 'cv::cvtColor'

2025-05-13 03:35:39,779 - MainSystem - ERROR - Error en bucle principal: OpenCV(4.11.0) D:\a\opencv-python\opencv-python\opencv\modules\imgproc\src\color.cpp:199: error: (-215:Assertion failed) !_src.empty() in function 'cv::cvtColor'

2025-05-13 03:35:40,290 - MainSystem - ERROR - Error en bucle principal: OpenCV(4.11.0) D:\a\opencv-python\opencv-python\opencv\modules\imgproc\src\color.cpp:199: error: (-215:Assertion failed) !_src.empty() in function 'cv::cvtColor'

2025-05-13 03:35:40,807 - MainSystem - ERROR - Error en bucle principal: OpenCV(4.11.0) D:\a\opencv-python\opencv-python\opencv\modules\imgproc\src\color.cpp:199: error: (-215:Assertion failed) !_src.empty() in function 'cv::cvtColor'

2025-05-13 03:35:41,309 - MainSystem - ERROR - Error en bucle principal: OpenCV(4.11.0) D:\a\opencv-python\opencv-python\opencv\modules\imgproc\src\color.cpp:199: error: (-215:Assertion failed) !_src.empty() in function 'cv::cvtColor'

2025-05-13 03:35:41,818 - MainSystem - ERROR - Error en bucle principal: OpenCV(4.11.0) D:\a\opencv-python\opencv-python\opencv\modules\imgproc\src\color.cpp:199: error: (-215:Assertion failed) !_src.empty() in function 'cv::cvtColor'

2025-05-13 03:35:42,330 - MainSystem - ERROR - Error en bucle principal: OpenCV(4.11.0) D:\a\opencv-python\opencv-python\opencv\modules\imgproc\src\color.cpp:199: error: (-215:Assertion failed) !_src.empty() in function 'cv::cvtColor'

2025-05-13 03:35:42,833 - MainSystem - ERROR - Error en bucle principal: OpenCV(4.11.0) D:\a\opencv-python\opencv-python\opencv\modules\imgproc\src\color.cpp:199: error: (-215:Assertion failed) !_src.empty() in function 'cv::cvtColor'

2025-05-13 03:35:43,338 - MainSystem - ERROR - Error en bucle principal: OpenCV(4.11.0) D:\a\opencv-python\opencv-python\opencv\modules\imgproc\src\color.cpp:199: error: (-215:Assertion failed) !_src.empty() in function 'cv::cvtColor'

2025-05-13 03:35:43,848 - MainSystem - ERROR - Error en bucle principal: OpenCV(4.11.0) D:\a\opencv-python\opencv-python\opencv\modules\imgproc\src\color.cpp:199: error: (-215:Assertion failed) !_src.empty() in function 'cv::cvtColor'

2025-05-13 03:35:44,366 - MainSystem - ERROR - Error en bucle principal: OpenCV(4.11.0) D:\a\opencv-python\opencv-python\opencv\modules\imgproc\src\color.cpp:199: error: (-215:Assertion failed) !_src.empty() in function 'cv::cvtColor'

2025-05-13 03:35:44,870 - MainSystem - ERROR - Error en bucle principal: OpenCV(4.11.0) D:\a\opencv-python\opencv-python\opencv\modules\imgproc\src\color.cpp:199: error: (-215:Assertion failed) !_src.empty() in function 'cv::cvtColor'

2025-05-13 03:35:45,378 - MainSystem - ERROR - Error en bucle principal: OpenCV(4.11.0) D:\a\opencv-python\opencv-python\opencv\modules\imgproc\src\color.cpp:199: error: (-215:Assertion failed) !_src.empty() in function 'cv::cvtColor'

2025-05-13 03:35:45,975 - MainSystem - ERROR - Error en bucle principal: OpenCV(4.11.0) D:\a\opencv-python\opencv-python\opencv\modules\imgproc\src\color.cpp:199: error: (-215:Assertion failed) !_src.empty() in function 'cv::cvtColor'

2025-05-13 03:35:46,485 - MainSystem - ERROR - Error en bucle principal: OpenCV(4.11.0) D:\a\opencv-python\opencv-python\opencv\modules\imgproc\src\color.cpp:199: error: (-215:Assertion failed) !_src.empty() in function 'cv::cvtColor'

2025-05-13 03:35:46,991 - MainSystem - ERROR - Error en bucle principal: OpenCV(4.11.0) D:\a\opencv-python\opencv-python\opencv\modules\imgproc\src\color.cpp:199: error: (-215:Assertion failed) !_src.empty() in function 'cv::cvtColor'

2025-05-13 03:37:41,987 - SafetySystem - INFO - Iniciando sistema de seguridad modular
2025-05-13 03:37:43,022 - AlarmModule - INFO - Módulo de audio inicializado
2025-05-13 03:37:43,038 - MainSystem - INFO - Sistema de seguridad iniciado
2025-05-13 03:37:43,038 - MainSystem - INFO - Inicializando módulos del sistema
2025-05-13 03:37:43,160 - CameraModule - INFO - Cámara inicializada: 640x480 @ 30fps
2025-05-13 03:37:43,161 - MainSystem - WARNING - No se pudieron cargar operadores
2025-05-13 03:37:44,035 - AlarmModule - INFO - Módulo de audio inicializado
2025-05-13 03:37:52,168 - MainSystem - INFO - Deteniendo sistema
2025-05-13 03:37:52,201 - CameraModule - INFO - Cámara liberada
2025-05-13 03:44:48,604 - SafetySystem - INFO - Iniciando sistema de seguridad modular
2025-05-13 03:44:49,643 - AlarmModule - INFO - Módulo de audio inicializado
2025-05-13 03:44:49,659 - MainSystem - INFO - Sistema de seguridad iniciado
2025-05-13 03:44:49,659 - MainSystem - INFO - Inicializando módulos del sistema
2025-05-13 03:44:49,782 - CameraModule - INFO - Cámara inicializada: 640x480 @ 30fps
2025-05-13 03:44:49,782 - MainSystem - WARNING - No se pudieron cargar operadores
2025-05-13 03:44:50,675 - AlarmModule - INFO - Módulo de audio inicializado
2025-05-13 03:45:10,031 - MainSystem - INFO - Deteniendo sistema
2025-05-13 03:45:10,042 - CameraModule - INFO - Cámara liberada
2025-05-13 03:46:54,888 - SafetySystem - INFO - Iniciando sistema de seguridad modular
2025-05-13 03:46:54,888 - MainSystem - CRITICAL - Error crítico en el sistema: name 'logging' is not defined
2025-05-13 03:58:15,213 - SafetySystem - INFO - Iniciando sistema de seguridad modular
2025-05-13 03:58:16,279 - AlarmModule - INFO - Módulo de audio inicializado
2025-05-13 03:58:16,295 - MainSystem - INFO - Sistema de seguridad iniciado
2025-05-13 03:58:16,295 - MainSystem - INFO - Inicializando módulos del sistema
2025-05-13 03:58:16,421 - CameraModule - INFO - Cámara inicializada: 640x480 @ 30fps
2025-05-13 03:58:16,421 - MainSystem - CRITICAL - Error crítico en el sistema: 'FaceRecognitionModule' object has no attribute 'load_operators'
2025-05-13 03:59:50,408 - SafetySystem - INFO - Iniciando sistema de seguridad modular
2025-05-13 03:59:51,450 - AlarmModule - INFO - Módulo de audio inicializado
2025-05-13 03:59:51,466 - MainSystem - INFO - Sistema de seguridad iniciado
2025-05-13 03:59:51,466 - MainSystem - INFO - Inicializando módulos del sistema
2025-05-13 03:59:51,586 - CameraModule - INFO - Cámara inicializada: 640x480 @ 30fps
2025-05-13 03:59:51,586 - FaceRecognitionModule - INFO - Operadores cargados: 1
2025-05-13 03:59:52,461 - AlarmModule - INFO - Módulo de audio inicializado
2025-05-13 03:59:53,224 - FaceRecognitionModule - ERROR - Error en reconocimiento facial: 'FaceRecognitionModule' object has no attribute 'expresion_analyzer'
2025-05-13 03:59:53,224 - MainSystem - ERROR - Error en bucle principal: 'FaceRecognitionModule' object has no attribute 'visualizer'
2025-05-13 03:59:54,004 - FaceRecognitionModule - ERROR - Error en reconocimiento facial: 'FaceRecognitionModule' object has no attribute 'expresion_analyzer'
2025-05-13 03:59:54,004 - MainSystem - ERROR - Error en bucle principal: 'FaceRecognitionModule' object has no attribute 'visualizer'
2025-05-13 03:59:54,773 - FaceRecognitionModule - ERROR - Error en reconocimiento facial: 'FaceRecognitionModule' object has no attribute 'expresion_analyzer'
2025-05-13 03:59:54,773 - MainSystem - ERROR - Error en bucle principal: 'FaceRecognitionModule' object has no attribute 'visualizer'
2025-05-13 03:59:55,543 - FaceRecognitionModule - ERROR - Error en reconocimiento facial: 'FaceRecognitionModule' object has no attribute 'expresion_analyzer'
2025-05-13 03:59:55,544 - MainSystem - ERROR - Error en bucle principal: 'FaceRecognitionModule' object has no attribute 'visualizer'
2025-05-13 03:59:56,312 - FaceRecognitionModule - ERROR - Error en reconocimiento facial: 'FaceRecognitionModule' object has no attribute 'expresion_analyzer'
2025-05-13 03:59:56,312 - MainSystem - ERROR - Error en bucle principal: 'FaceRecognitionModule' object has no attribute 'visualizer'
2025-05-13 03:59:57,091 - FaceRecognitionModule - ERROR - Error en reconocimiento facial: 'FaceRecognitionModule' object has no attribute 'expresion_analyzer'
2025-05-13 03:59:57,091 - MainSystem - ERROR - Error en bucle principal: 'FaceRecognitionModule' object has no attribute 'visualizer'
2025-05-13 03:59:57,856 - FaceRecognitionModule - ERROR - Error en reconocimiento facial: 'FaceRecognitionModule' object has no attribute 'expresion_analyzer'
2025-05-13 03:59:57,856 - MainSystem - ERROR - Error en bucle principal: 'FaceRecognitionModule' object has no attribute 'visualizer'
2025-05-13 03:59:58,632 - FaceRecognitionModule - ERROR - Error en reconocimiento facial: 'FaceRecognitionModule' object has no attribute 'expresion_analyzer'
2025-05-13 03:59:58,632 - MainSystem - ERROR - Error en bucle principal: 'FaceRecognitionModule' object has no attribute 'visualizer'
2025-05-13 03:59:59,401 - FaceRecognitionModule - ERROR - Error en reconocimiento facial: 'FaceRecognitionModule' object has no attribute 'expresion_analyzer'
2025-05-13 03:59:59,401 - MainSystem - ERROR - Error en bucle principal: 'FaceRecognitionModule' object has no attribute 'visualizer'
2025-05-13 04:00:00,187 - FaceRecognitionModule - ERROR - Error en reconocimiento facial: 'FaceRecognitionModule' object has no attribute 'expresion_analyzer'
2025-05-13 04:00:00,187 - MainSystem - ERROR - Error en bucle principal: 'FaceRecognitionModule' object has no attribute 'visualizer'
2025-05-13 04:00:00,957 - FaceRecognitionModule - ERROR - Error en reconocimiento facial: 'FaceRecognitionModule' object has no attribute 'expresion_analyzer'
2025-05-13 04:00:00,957 - MainSystem - ERROR - Error en bucle principal: 'FaceRecognitionModule' object has no attribute 'visualizer'
2025-05-13 04:00:01,733 - FaceRecognitionModule - ERROR - Error en reconocimiento facial: 'FaceRecognitionModule' object has no attribute 'expresion_analyzer'
2025-05-13 04:00:01,733 - MainSystem - ERROR - Error en bucle principal: 'FaceRecognitionModule' object has no attribute 'visualizer'
2025-05-13 04:00:02,506 - FaceRecognitionModule - ERROR - Error en reconocimiento facial: 'FaceRecognitionModule' object has no attribute 'expresion_analyzer'
2025-05-13 04:00:02,506 - MainSystem - ERROR - Error en bucle principal: 'FaceRecognitionModule' object has no attribute 'visualizer'
2025-05-13 04:00:03,299 - FaceRecognitionModule - ERROR - Error en reconocimiento facial: 'FaceRecognitionModule' object has no attribute 'expresion_analyzer'
2025-05-13 04:00:03,299 - MainSystem - ERROR - Error en bucle principal: 'FaceRecognitionModule' object has no attribute 'visualizer'
2025-05-13 04:00:04,068 - FaceRecognitionModule - ERROR - Error en reconocimiento facial: 'FaceRecognitionModule' object has no attribute 'expresion_analyzer'
2025-05-13 04:00:04,068 - MainSystem - ERROR - Error en bucle principal: 'FaceRecognitionModule' object has no attribute 'visualizer'
2025-05-13 04:00:04,840 - FaceRecognitionModule - ERROR - Error en reconocimiento facial: 'FaceRecognitionModule' object has no attribute 'expresion_analyzer'
2025-05-13 04:00:04,840 - MainSystem - ERROR - Error en bucle principal: 'FaceRecognitionModule' object has no attribute 'visualizer'
2025-05-13 04:00:05,624 - FaceRecognitionModule - ERROR - Error en reconocimiento facial: 'FaceRecognitionModule' object has no attribute 'expresion_analyzer'
2025-05-13 04:00:05,624 - MainSystem - ERROR - Error en bucle principal: 'FaceRecognitionModule' object has no attribute 'visualizer'
2025-05-13 04:00:06,495 - FaceRecognitionModule - ERROR - Error en reconocimiento facial: 'FaceRecognitionModule' object has no attribute 'expresion_analyzer'
2025-05-13 04:00:06,496 - MainSystem - ERROR - Error en bucle principal: 'FaceRecognitionModule' object has no attribute 'visualizer'
2025-05-13 04:00:07,275 - FaceRecognitionModule - ERROR - Error en reconocimiento facial: 'FaceRecognitionModule' object has no attribute 'expresion_analyzer'
2025-05-13 04:00:07,275 - MainSystem - ERROR - Error en bucle principal: 'FaceRecognitionModule' object has no attribute 'visualizer'
2025-05-13 04:01:40,890 - SafetySystem - INFO - Iniciando sistema de seguridad modular
2025-05-13 04:01:41,925 - AlarmModule - INFO - Módulo de audio inicializado
2025-05-13 04:01:41,941 - MainSystem - INFO - Sistema de seguridad iniciado
2025-05-13 04:01:41,941 - MainSystem - INFO - Inicializando módulos del sistema
2025-05-13 04:01:42,063 - CameraModule - INFO - Cámara inicializada: 640x480 @ 30fps
2025-05-13 04:01:42,063 - FaceRecognitionModule - INFO - Operadores cargados: 1
2025-05-13 04:01:42,940 - AlarmModule - INFO - Módulo de audio inicializado
2025-05-13 04:01:43,703 - FaceRecognitionModule - ERROR - Error en reconocimiento facial: 'FaceRecognitionModule' object has no attribute 'expresion_analyzer'
2025-05-13 04:01:44,454 - FaceRecognitionModule - ERROR - Error en reconocimiento facial: 'FaceRecognitionModule' object has no attribute 'expresion_analyzer'
2025-05-13 04:01:45,188 - FaceRecognitionModule - ERROR - Error en reconocimiento facial: 'FaceRecognitionModule' object has no attribute 'expresion_analyzer'
2025-05-13 04:01:45,918 - FaceRecognitionModule - ERROR - Error en reconocimiento facial: 'FaceRecognitionModule' object has no attribute 'expresion_analyzer'
2025-05-13 04:01:46,650 - FaceRecognitionModule - ERROR - Error en reconocimiento facial: 'FaceRecognitionModule' object has no attribute 'expresion_analyzer'
2025-05-13 04:01:47,418 - FaceRecognitionModule - ERROR - Error en reconocimiento facial: 'FaceRecognitionModule' object has no attribute 'expresion_analyzer'
2025-05-13 04:01:48,152 - FaceRecognitionModule - ERROR - Error en reconocimiento facial: 'FaceRecognitionModule' object has no attribute 'expresion_analyzer'
2025-05-13 04:01:48,883 - FaceRecognitionModule - ERROR - Error en reconocimiento facial: 'FaceRecognitionModule' object has no attribute 'expresion_analyzer'
2025-05-13 04:01:49,614 - FaceRecognitionModule - ERROR - Error en reconocimiento facial: 'FaceRecognitionModule' object has no attribute 'expresion_analyzer'
2025-05-13 04:01:50,369 - FaceRecognitionModule - ERROR - Error en reconocimiento facial: 'FaceRecognitionModule' object has no attribute 'expresion_analyzer'
2025-05-13 04:01:51,131 - FaceRecognitionModule - ERROR - Error en reconocimiento facial: 'FaceRecognitionModule' object has no attribute 'expresion_analyzer'
2025-05-13 04:01:51,885 - FaceRecognitionModule - ERROR - Error en reconocimiento facial: 'FaceRecognitionModule' object has no attribute 'expresion_analyzer'
2025-05-13 04:01:52,637 - FaceRecognitionModule - ERROR - Error en reconocimiento facial: 'FaceRecognitionModule' object has no attribute 'expresion_analyzer'
2025-05-13 04:01:53,394 - FaceRecognitionModule - ERROR - Error en reconocimiento facial: 'FaceRecognitionModule' object has no attribute 'expresion_analyzer'
2025-05-13 04:01:54,159 - FaceRecognitionModule - ERROR - Error en reconocimiento facial: 'FaceRecognitionModule' object has no attribute 'expresion_analyzer'
2025-05-13 04:01:54,909 - FaceRecognitionModule - ERROR - Error en reconocimiento facial: 'FaceRecognitionModule' object has no attribute 'expresion_analyzer'
2025-05-13 04:01:55,661 - FaceRecognitionModule - ERROR - Error en reconocimiento facial: 'FaceRecognitionModule' object has no attribute 'expresion_analyzer'
2025-05-13 04:01:56,400 - FaceRecognitionModule - ERROR - Error en reconocimiento facial: 'FaceRecognitionModule' object has no attribute 'expresion_analyzer'
2025-05-13 04:01:57,163 - FaceRecognitionModule - ERROR - Error en reconocimiento facial: 'FaceRecognitionModule' object has no attribute 'expresion_analyzer'
2025-05-13 04:01:57,910 - FaceRecognitionModule - ERROR - Error en reconocimiento facial: 'FaceRecognitionModule' object has no attribute 'expresion_analyzer'
2025-05-13 04:01:58,655 - FaceRecognitionModule - ERROR - Error en reconocimiento facial: 'FaceRecognitionModule' object has no attribute 'expresion_analyzer'
2025-05-13 04:01:59,413 - FaceRecognitionModule - ERROR - Error en reconocimiento facial: 'FaceRecognitionModule' object has no attribute 'expresion_analyzer'
2025-05-13 04:02:00,171 - FaceRecognitionModule - ERROR - Error en reconocimiento facial: 'FaceRecognitionModule' object has no attribute 'expresion_analyzer'
2025-05-13 04:02:00,933 - FaceRecognitionModule - ERROR - Error en reconocimiento facial: 'FaceRecognitionModule' object has no attribute 'expresion_analyzer'
2025-05-13 04:02:01,673 - FaceRecognitionModule - ERROR - Error en reconocimiento facial: 'FaceRecognitionModule' object has no attribute 'expresion_analyzer'
2025-05-13 04:02:02,414 - FaceRecognitionModule - ERROR - Error en reconocimiento facial: 'FaceRecognitionModule' object has no attribute 'expresion_analyzer'
2025-05-13 04:02:02,484 - MainSystem - INFO - Deteniendo sistema
2025-05-13 04:02:02,507 - CameraModule - INFO - Cámara liberada
2025-05-13 04:06:55,428 - SafetySystem - INFO - Iniciando sistema de seguridad modular
2025-05-13 04:06:56,464 - AlarmModule - INFO - Módulo de audio inicializado
2025-05-13 04:06:56,479 - MainSystem - INFO - Sistema de seguridad iniciado
2025-05-13 04:06:56,480 - MainSystem - INFO - Inicializando módulos del sistema
2025-05-13 04:06:56,600 - CameraModule - INFO - Cámara inicializada: 640x480 @ 30fps
2025-05-13 04:06:56,600 - FaceRecognitionModule - INFO - Operadores cargados: 1
2025-05-13 04:06:57,490 - AlarmModule - INFO - Módulo de audio inicializado
2025-05-13 04:06:58,250 - FaceRecognitionModule - ERROR - Error en reconocimiento facial: 'FaceRecognitionModule' object has no attribute 'expresion_analyzer'
2025-05-13 04:06:58,984 - FaceRecognitionModule - ERROR - Error en reconocimiento facial: 'FaceRecognitionModule' object has no attribute 'expresion_analyzer'
2025-05-13 04:06:59,737 - FaceRecognitionModule - ERROR - Error en reconocimiento facial: 'FaceRecognitionModule' object has no attribute 'expresion_analyzer'
2025-05-13 04:07:00,491 - FaceRecognitionModule - ERROR - Error en reconocimiento facial: 'FaceRecognitionModule' object has no attribute 'expresion_analyzer'
2025-05-13 04:07:01,234 - FaceRecognitionModule - ERROR - Error en reconocimiento facial: 'FaceRecognitionModule' object has no attribute 'expresion_analyzer'
2025-05-13 04:07:01,974 - FaceRecognitionModule - ERROR - Error en reconocimiento facial: 'FaceRecognitionModule' object has no attribute 'expresion_analyzer'
2025-05-13 04:07:02,705 - FaceRecognitionModule - ERROR - Error en reconocimiento facial: 'FaceRecognitionModule' object has no attribute 'expresion_analyzer'
2025-05-13 04:07:03,443 - FaceRecognitionModule - ERROR - Error en reconocimiento facial: 'FaceRecognitionModule' object has no attribute 'expresion_analyzer'
2025-05-13 04:07:04,200 - FaceRecognitionModule - ERROR - Error en reconocimiento facial: 'FaceRecognitionModule' object has no attribute 'expresion_analyzer'
2025-05-13 04:07:04,938 - FaceRecognitionModule - ERROR - Error en reconocimiento facial: 'FaceRecognitionModule' object has no attribute 'expresion_analyzer'
2025-05-13 04:07:05,680 - FaceRecognitionModule - ERROR - Error en reconocimiento facial: 'FaceRecognitionModule' object has no attribute 'expresion_analyzer'
2025-05-13 04:07:06,423 - FaceRecognitionModule - ERROR - Error en reconocimiento facial: 'FaceRecognitionModule' object has no attribute 'expresion_analyzer'
2025-05-13 04:07:07,179 - FaceRecognitionModule - ERROR - Error en reconocimiento facial: 'FaceRecognitionModule' object has no attribute 'expresion_analyzer'
2025-05-13 04:07:07,921 - FaceRecognitionModule - ERROR - Error en reconocimiento facial: 'FaceRecognitionModule' object has no attribute 'expresion_analyzer'
2025-05-13 04:07:08,666 - FaceRecognitionModule - ERROR - Error en reconocimiento facial: 'FaceRecognitionModule' object has no attribute 'expresion_analyzer'
2025-05-13 04:07:09,403 - FaceRecognitionModule - ERROR - Error en reconocimiento facial: 'FaceRecognitionModule' object has no attribute 'expresion_analyzer'
2025-05-13 04:07:09,475 - MainSystem - INFO - Deteniendo sistema
2025-05-13 04:07:09,488 - CameraModule - INFO - Cámara liberada
2025-05-13 04:22:45,311 - SafetySystem - INFO - Iniciando sistema de seguridad modular
2025-05-13 04:22:46,365 - AlarmModule - INFO - Módulo de audio inicializado
2025-05-13 04:22:46,381 - MainSystem - INFO - Sistema de seguridad iniciado
2025-05-13 04:22:46,381 - MainSystem - INFO - Inicializando módulos del sistema
2025-05-13 04:22:46,501 - CameraModule - INFO - Cámara inicializada: 640x480 @ 30fps
2025-05-13 04:22:46,501 - FaceRecognitionModule - INFO - Operadores cargados: 1
2025-05-13 04:22:47,399 - AlarmModule - INFO - Módulo de audio inicializado
2025-05-13 04:22:47,770 - MainSystem - INFO - Operador reconocido: Operador: Nilson Cayao (ID: 47469940)
2025-05-13 04:22:47,771 - AlarmModule - INFO - Reproduciendo audio: C:\xampp\htdocs\safety_system\audio\alarma.mp3
2025-05-13 04:22:48,317 - BehaviorDetectionModule - INFO - 'cigarette' no está en COCO, usando 'bottle' como sustituto
2025-05-13 04:22:48,504 - BehaviorDetectionModule - INFO - Modelo YOLO cargado correctamente
2025-05-13 04:23:40,860 - MainSystem - WARNING - Bostezo detectado para operador Operador: Nilson Cayao
2025-05-13 04:23:40,865 - SafetySystem - INFO - Reporte generado: C:\xampp\htdocs\safety_system\reports\47469940_yawn_20250513_042340.jpg y C:\xampp\htdocs\safety_system\reports\47469940_yawn_20250513_042340.txt
2025-05-13 04:23:46,107 - MainSystem - WARNING - Bostezo detectado para operador Operador: Nilson Cayao
2025-05-13 04:23:46,111 - SafetySystem - INFO - Reporte generado: C:\xampp\htdocs\safety_system\reports\47469940_yawn_20250513_042346.jpg y C:\xampp\htdocs\safety_system\reports\47469940_yawn_20250513_042346.txt
2025-05-13 04:23:51,534 - MainSystem - WARNING - Bostezo detectado para operador Operador: Nilson Cayao
2025-05-13 04:23:51,537 - SafetySystem - INFO - Reporte generado: C:\xampp\htdocs\safety_system\reports\47469940_yawn_20250513_042351.jpg y C:\xampp\htdocs\safety_system\reports\47469940_yawn_20250513_042351.txt
2025-05-13 04:23:56,648 - MainSystem - WARNING - Bostezo detectado para operador Operador: Nilson Cayao
2025-05-13 04:23:56,652 - SafetySystem - INFO - Reporte generado: C:\xampp\htdocs\safety_system\reports\47469940_yawn_20250513_042356.jpg y C:\xampp\htdocs\safety_system\reports\47469940_yawn_20250513_042356.txt
2025-05-13 04:24:04,280 - MainSystem - INFO - Deteniendo sistema
2025-05-13 04:24:04,295 - CameraModule - INFO - Cámara liberada
2025-05-13 04:27:31,389 - SafetySystem - INFO - Iniciando sistema de seguridad modular
2025-05-13 04:27:32,432 - AlarmModule - INFO - Módulo de audio inicializado
2025-05-13 04:27:32,448 - MainSystem - INFO - Sistema de seguridad iniciado
2025-05-13 04:27:32,448 - MainSystem - INFO - Inicializando módulos del sistema
2025-05-13 04:27:32,577 - CameraModule - INFO - Cámara inicializada: 640x480 @ 30fps
2025-05-13 04:27:32,577 - FaceRecognitionModule - INFO - Operadores cargados: 1
2025-05-13 04:27:33,452 - AlarmModule - INFO - Módulo de audio inicializado
2025-05-13 04:27:33,823 - MainSystem - INFO - Operador reconocido: Operador: Nilson Cayao (ID: 47469940)
2025-05-13 04:27:33,823 - AlarmModule - INFO - Reproduciendo audio: C:\xampp\htdocs\safety_system\audio\alarma.mp3
2025-05-13 04:27:34,397 - BehaviorDetectionModule - INFO - 'cigarette' no está en COCO, usando 'bottle' como sustituto
2025-05-13 04:27:34,569 - BehaviorDetectionModule - INFO - Modelo YOLO cargado correctamente
2025-05-13 04:28:04,764 - MainSystem - INFO - Deteniendo sistema
2025-05-13 04:28:04,784 - CameraModule - INFO - Cámara liberada
2025-05-13 04:30:42,970 - SafetySystem - INFO - Iniciando sistema de seguridad modular
2025-05-13 04:30:44,009 - AlarmModule - INFO - Módulo de audio inicializado
2025-05-13 04:30:44,025 - MainSystem - INFO - Sistema de seguridad iniciado
2025-05-13 04:30:44,025 - MainSystem - INFO - Inicializando módulos del sistema
2025-05-13 04:30:44,156 - CameraModule - INFO - Cámara inicializada: 640x480 @ 30fps
2025-05-13 04:30:44,156 - FaceRecognitionModule - INFO - Operadores cargados: 1
2025-05-13 04:30:45,054 - AlarmModule - INFO - Módulo de audio inicializado
2025-05-13 04:30:45,822 - MainSystem - INFO - Operador reconocido: Operador: Nilson Cayao (ID: 47469940)
2025-05-13 04:30:45,822 - AlarmModule - INFO - Reproduciendo audio: C:\xampp\htdocs\safety_system\audio\alarma.mp3
2025-05-13 04:30:45,986 - BehaviorDetectionModule - INFO - 'cigarette' no está en COCO, usando 'bottle' como sustituto
2025-05-13 04:30:46,156 - BehaviorDetectionModule - INFO - Modelo YOLO cargado correctamente
2025-05-13 04:31:12,597 - MainSystem - WARNING - Bostezo detectado para operador Operador: Nilson Cayao
2025-05-13 04:31:12,601 - SafetySystem - INFO - Reporte generado: C:\xampp\htdocs\safety_system\reports\47469940_yawn_20250513_043112.jpg y C:\xampp\htdocs\safety_system\reports\47469940_yawn_20250513_043112.txt
2025-05-13 04:31:21,293 - MainSystem - WARNING - Fatiga detectada para operador Operador: Nilson Cayao
2025-05-13 04:31:21,294 - AlarmModule - INFO - Reproduciendo audio: C:\xampp\htdocs\safety_system\audio\alarma.mp3
2025-05-13 04:31:21,298 - SafetySystem - INFO - Reporte generado: C:\xampp\htdocs\safety_system\reports\47469940_fatigue_20250513_043121.jpg y C:\xampp\htdocs\safety_system\reports\47469940_fatigue_20250513_043121.txt
2025-05-13 04:31:32,370 - MainSystem - WARNING - Bostezo detectado para operador Operador: Nilson Cayao
2025-05-13 04:31:32,373 - SafetySystem - INFO - Reporte generado: C:\xampp\htdocs\safety_system\reports\47469940_yawn_20250513_043132.jpg y C:\xampp\htdocs\safety_system\reports\47469940_yawn_20250513_043132.txt
2025-05-13 04:31:43,785 - MainSystem - WARNING - Fatiga detectada para operador Operador: Nilson Cayao
2025-05-13 04:31:43,785 - AlarmModule - INFO - Reproduciendo audio: C:\xampp\htdocs\safety_system\audio\alarma.mp3
2025-05-13 04:31:43,789 - SafetySystem - INFO - Reporte generado: C:\xampp\htdocs\safety_system\reports\47469940_fatigue_20250513_043143.jpg y C:\xampp\htdocs\safety_system\reports\47469940_fatigue_20250513_043143.txt
2025-05-13 04:31:53,777 - MainSystem - INFO - Deteniendo sistema
2025-05-13 04:31:53,824 - CameraModule - INFO - Cámara liberada
2025-05-13 04:35:20,590 - SafetySystem - INFO - Iniciando sistema de seguridad modular
2025-05-13 04:35:21,620 - AlarmModule - INFO - Módulo de audio inicializado
2025-05-13 04:35:21,636 - MainSystem - INFO - Sistema de seguridad iniciado
2025-05-13 04:35:21,636 - MainSystem - INFO - Inicializando módulos del sistema
2025-05-13 04:35:21,761 - CameraModule - INFO - Cámara inicializada: 640x480 @ 30fps
2025-05-13 04:35:21,761 - FaceRecognitionModule - INFO - Operadores cargados: 1
2025-05-13 04:35:22,642 - AlarmModule - INFO - Módulo de audio inicializado
2025-05-13 04:35:23,416 - MainSystem - INFO - Operador reconocido: Operador: Nilson Cayao (ID: 47469940)
2025-05-13 04:35:23,416 - AlarmModule - INFO - Reproduciendo audio: C:\xampp\htdocs\safety_system\audio\alarma.mp3
2025-05-13 04:35:23,573 - BehaviorDetectionModule - INFO - 'cigarette' no está en COCO, usando 'bottle' como sustituto
2025-05-13 04:35:23,740 - BehaviorDetectionModule - INFO - Modelo YOLO cargado correctamente
2025-05-13 04:36:17,469 - MainSystem - INFO - Deteniendo sistema
2025-05-13 04:36:17,513 - CameraModule - INFO - Cámara liberada
2025-05-13 04:44:56,347 - SafetySystem - INFO - Iniciando sistema de seguridad modular
2025-05-13 04:44:57,400 - AlarmModule - INFO - Módulo de audio inicializado
2025-05-13 04:44:57,417 - MainSystem - INFO - Sistema de seguridad iniciado
2025-05-13 04:44:57,417 - MainSystem - INFO - Inicializando módulos del sistema
2025-05-13 04:44:57,545 - CameraModule - INFO - Cámara inicializada: 640x480 @ 30fps
2025-05-13 04:44:57,545 - FaceRecognitionModule - INFO - Operadores cargados: 1
2025-05-13 04:44:58,435 - AlarmModule - INFO - Módulo de audio inicializado
2025-05-13 04:45:00,544 - MainSystem - INFO - Operador reconocido: Operador: Nilson Cayao (ID: 47469940)
2025-05-13 04:45:00,545 - AlarmModule - INFO - Reproduciendo audio: C:\xampp\htdocs\safety_system\audio\alarma.mp3
2025-05-13 04:45:00,796 - BehaviorDetectionModule - INFO - 'cigarette' no está en COCO, usando 'bottle' como sustituto
2025-05-13 04:45:00,963 - BehaviorDetectionModule - INFO - Modelo YOLO cargado correctamente
2025-05-13 04:45:45,519 - MainSystem - WARNING - Bostezo detectado para operador Operador: Nilson Cayao
2025-05-13 04:45:45,522 - SafetySystem - INFO - Reporte generado: C:\xampp\htdocs\safety_system\reports\47469940_yawn_20250513_044545.jpg y C:\xampp\htdocs\safety_system\reports\47469940_yawn_20250513_044545.txt
2025-05-13 04:45:51,411 - MainSystem - INFO - Deteniendo sistema
2025-05-13 04:45:51,431 - CameraModule - INFO - Cámara liberada
