2025-05-03 05:02:54,313 - SafetySystem - INFO - Iniciando sistema de seguridad modular
2025-05-03 05:02:55,871 - MainSystem - INFO - Sistema de seguridad iniciado
2025-05-03 05:02:55,871 - MainSystem - INFO - Inicializando módulos del sistema
2025-05-03 05:02:55,989 - CameraModule - INFO - Cámara inicializada: 640x480 @ 30fps
2025-05-03 05:02:55,989 - FaceRecognitionModule - INFO - Operadores cargados: 1
2025-05-03 05:02:56,875 - AlarmModule - INFO - Módulo de audio inicializado
2025-05-03 05:02:57,241 - MainSystem - INFO - Operador reconocido: Nilson Cayao (ID: operador1)
2025-05-03 05:02:59,182 - BehaviorDetectionModule - INFO - 'cigarette' no está en COCO, usando 'bottle' como sustituto
2025-05-03 05:02:59,344 - BehaviorDetectionModule - INFO - Modelo YOLO cargado correctamente
2025-05-03 05:03:31,603 - MainSystem - INFO - Deteniendo sistema
2025-05-03 05:03:31,637 - CameraModule - INFO - Cámara liberada
2025-05-03 05:15:16,322 - SafetySystem - INFO - Iniciando sistema de seguridad modular
2025-05-03 05:15:17,896 - MainSystem - INFO - Sistema de seguridad iniciado
2025-05-03 05:15:17,896 - MainSystem - INFO - Inicializando módulos del sistema
2025-05-03 05:15:18,022 - CameraModule - INFO - Cámara inicializada: 640x480 @ 30fps
2025-05-03 05:15:18,022 - FaceRecognitionModule - WARNING - Archivo de encodings no encontrado: C:\xampp\htdocs\safety_system\operators\encodings.pkl
2025-05-03 05:15:18,022 - MainSystem - WARNING - No se pudieron cargar operadores
2025-05-03 05:15:18,903 - AlarmModule - INFO - Módulo de audio inicializado
2025-05-03 05:15:49,920 - MainSystem - INFO - Deteniendo sistema
2025-05-03 05:15:49,931 - CameraModule - INFO - Cámara liberada
2025-05-03 05:16:00,591 - SafetySystem - INFO - Iniciando sistema de seguridad modular
2025-05-03 05:16:02,141 - MainSystem - INFO - Sistema de seguridad iniciado
2025-05-03 05:16:02,141 - MainSystem - INFO - Inicializando módulos del sistema
2025-05-03 05:16:02,262 - CameraModule - INFO - Cámara inicializada: 640x480 @ 30fps
2025-05-03 05:16:02,264 - FaceRecognitionModule - INFO - Operadores cargados: 1
2025-05-03 05:16:03,156 - AlarmModule - INFO - Módulo de audio inicializado
2025-05-03 05:16:03,522 - MainSystem - INFO - Operador reconocido: Nilson Cayao (ID: operador1)
2025-05-03 05:16:04,064 - BehaviorDetectionModule - INFO - 'cigarette' no está en COCO, usando 'bottle' como sustituto
2025-05-03 05:16:04,230 - BehaviorDetectionModule - INFO - Modelo YOLO cargado correctamente
2025-05-03 05:16:09,281 - MainSystem - INFO - Deteniendo sistema
2025-05-03 05:16:09,316 - CameraModule - INFO - Cámara liberada
2025-05-03 18:42:55,792 - SafetySystem - INFO - Iniciando sistema de seguridad modular
2025-05-03 18:42:57,413 - MainSystem - INFO - Sistema de seguridad iniciado
2025-05-03 18:42:57,413 - MainSystem - INFO - Inicializando módulos del sistema
2025-05-03 18:42:57,560 - CameraModule - INFO - Cámara inicializada: 640x480 @ 30fps
2025-05-03 18:42:57,566 - FaceRecognitionModule - INFO - Operadores cargados: 1
2025-05-03 18:42:58,439 - AlarmModule - INFO - Módulo de audio inicializado
2025-05-03 18:42:58,825 - MainSystem - INFO - Operador reconocido: Operador: Nilson Cayao (ID: 47469940)
2025-05-03 18:42:59,374 - BehaviorDetectionModule - INFO - 'cigarette' no está en COCO, usando 'bottle' como sustituto
2025-05-03 18:42:59,979 - BehaviorDetectionModule - INFO - Modelo YOLO cargado correctamente
2025-05-03 18:43:25,758 - MainSystem - WARNING - Distracción detectada para operador Operador: Nilson Cayao
2025-05-03 18:43:25,771 - SafetySystem - INFO - Reporte generado: C:\xampp\htdocs\safety_system\reports\47469940_distraction_20250503_184325.jpg y C:\xampp\htdocs\safety_system\reports\47469940_distraction_20250503_184325.txt
2025-05-03 18:43:34,950 - MainSystem - WARNING - Comportamiento peligroso detectado: cigarette
2025-05-03 18:43:34,955 - SafetySystem - INFO - Reporte generado: C:\xampp\htdocs\safety_system\reports\47469940_cigarette_20250503_184334.jpg y C:\xampp\htdocs\safety_system\reports\47469940_cigarette_20250503_184334.txt
2025-05-03 18:43:41,775 - MainSystem - WARNING - Comportamiento peligroso detectado: cigarette
2025-05-03 18:43:41,781 - SafetySystem - INFO - Reporte generado: C:\xampp\htdocs\safety_system\reports\47469940_cigarette_20250503_184341.jpg y C:\xampp\htdocs\safety_system\reports\47469940_cigarette_20250503_184341.txt
2025-05-03 18:43:46,854 - MainSystem - WARNING - Comportamiento peligroso detectado: cigarette
2025-05-03 18:43:46,860 - SafetySystem - INFO - Reporte generado: C:\xampp\htdocs\safety_system\reports\47469940_cigarette_20250503_184346.jpg y C:\xampp\htdocs\safety_system\reports\47469940_cigarette_20250503_184346.txt
2025-05-03 18:43:52,808 - MainSystem - WARNING - Comportamiento peligroso detectado: cigarette
2025-05-03 18:43:52,813 - SafetySystem - INFO - Reporte generado: C:\xampp\htdocs\safety_system\reports\47469940_cigarette_20250503_184352.jpg y C:\xampp\htdocs\safety_system\reports\47469940_cigarette_20250503_184352.txt
2025-05-03 18:43:58,599 - MainSystem - WARNING - Comportamiento peligroso detectado: cigarette
2025-05-03 18:43:58,604 - SafetySystem - INFO - Reporte generado: C:\xampp\htdocs\safety_system\reports\47469940_cigarette_20250503_184358.jpg y C:\xampp\htdocs\safety_system\reports\47469940_cigarette_20250503_184358.txt
2025-05-03 18:44:03,155 - MainSystem - INFO - Deteniendo sistema
2025-05-03 18:44:03,168 - CameraModule - INFO - Cámara liberada
2025-05-03 20:11:37,220 - SafetySystem - INFO - Iniciando sistema de seguridad modular
2025-05-03 20:11:38,736 - MainSystem - INFO - Sistema de seguridad iniciado
2025-05-03 20:11:38,736 - MainSystem - INFO - Inicializando módulos del sistema
2025-05-03 20:11:38,864 - CameraModule - INFO - Cámara inicializada: 640x480 @ 30fps
2025-05-03 20:11:38,866 - FaceRecognitionModule - INFO - Operadores cargados: 1
2025-05-03 20:11:39,767 - AlarmModule - INFO - Módulo de audio inicializado
2025-05-03 20:11:40,146 - MainSystem - INFO - Operador reconocido: Operador: Nilson Cayao (ID: 47469940)
2025-05-03 20:11:40,697 - BehaviorDetectionModule - INFO - 'cigarette' no está en COCO, usando 'bottle' como sustituto
2025-05-03 20:11:40,866 - BehaviorDetectionModule - INFO - Modelo YOLO cargado correctamente
2025-05-03 20:12:43,376 - MainSystem - WARNING - Fatiga detectada para operador Operador: Nilson Cayao
2025-05-03 20:12:43,382 - SafetySystem - INFO - Reporte generado: C:\xampp\htdocs\safety_system\reports\47469940_fatigue_20250503_201243.jpg y C:\xampp\htdocs\safety_system\reports\47469940_fatigue_20250503_201243.txt
2025-05-03 20:13:10,606 - MainSystem - INFO - Deteniendo sistema
2025-05-03 20:13:10,632 - CameraModule - INFO - Cámara liberada
